<?xml version="1.0" encoding="UTF-8" ?>
<testsuite tests="1" failures="0" name="com.newroad.test.Test01" time="3.694" errors="1" skipped="0">
  <properties>
[...]
</properties>
  <testcase classname="com.newroad.test.Test01" name="com.newroad.test.Test01" time="3.694">
    <error message="Error creating bean with name &apos;taxPayerServiceImp&apos; defined in file [E:\mybatis_workspace\TaxSource_maven\target\classes\com\newroad\manage\service\imp\TaxPayerServiceImp.class]: Instantiation of bean failed; nested exception is org.springframework.beans.BeanInstantiationException: Failed to instantiate [com.newroad.manage.service.imp.TaxPayerServiceImp]: Constructor threw exception; nested exception is org.apache.ibatis.exceptions.PersistenceException: 
### Error opening session.  Cause: java.lang.NullPointerException
### Cause: java.lang.NullPointerException" type="org.springframework.beans.factory.BeanCreationException">org.springframework.beans.factory.BeanCreationException: Error creating bean with name &apos;taxPayerServiceImp&apos; defined in file [E:\mybatis_workspace\TaxSource_maven\target\classes\com\newroad\manage\service\imp\TaxPayerServiceImp.class]: Instantiation of bean failed; nested exception is org.springframework.beans.BeanInstantiationException: Failed to instantiate [com.newroad.manage.service.imp.TaxPayerServiceImp]: Constructor threw exception; nested exception is org.apache.ibatis.exceptions.PersistenceException: 
### Error opening session.  Cause: java.lang.NullPointerException
### Cause: java.lang.NullPointerException
	at org.springframework.beans.factory.support.AbstractAutowireCapableBeanFactory.instantiateBean(AbstractAutowireCapableBeanFactory.java:1155)
	at org.springframework.beans.factory.support.AbstractAutowireCapableBeanFactory.createBeanInstance(AbstractAutowireCapableBeanFactory.java:1099)
	at org.springframework.beans.factory.support.AbstractAutowireCapableBeanFactory.doCreateBean(AbstractAutowireCapableBeanFactory.java:513)
	at org.springframework.beans.factory.support.AbstractAutowireCapableBeanFactory.createBean(AbstractAutowireCapableBeanFactory.java:483)
	at org.springframework.beans.factory.support.AbstractBeanFactory$1.getObject(AbstractBeanFactory.java:306)
	at org.springframework.beans.factory.support.DefaultSingletonBeanRegistry.getSingleton(DefaultSingletonBeanRegistry.java:230)
	at org.springframework.beans.factory.support.AbstractBeanFactory.doGetBean(AbstractBeanFactory.java:302)
	at org.springframework.beans.factory.support.AbstractBeanFactory.getBean(AbstractBeanFactory.java:197)
	at org.springframework.beans.factory.support.DefaultListableBeanFactory.preInstantiateSingletons(DefaultListableBeanFactory.java:761)
	at org.springframework.context.support.AbstractApplicationContext.finishBeanFactoryInitialization(AbstractApplicationContext.java:866)
	at org.springframework.context.support.AbstractApplicationContext.refresh(AbstractApplicationContext.java:542)
	at org.springframework.context.support.ClassPathXmlApplicationContext.&lt;init&gt;(ClassPathXmlApplicationContext.java:139)
	at org.springframework.context.support.ClassPathXmlApplicationContext.&lt;init&gt;(ClassPathXmlApplicationContext.java:83)
	at com.newroad.test.Test01.init(Test01.java:18)
	at sun.reflect.NativeMethodAccessorImpl.invoke0(Native Method)
	at sun.reflect.NativeMethodAccessorImpl.invoke(NativeMethodAccessorImpl.java:62)
	at sun.reflect.DelegatingMethodAccessorImpl.invoke(DelegatingMethodAccessorImpl.java:43)
	at java.lang.reflect.Method.invoke(Method.java:498)
	at org.junit.runners.model.FrameworkMethod$1.runReflectiveCall(FrameworkMethod.java:50)
	at org.junit.internal.runners.model.ReflectiveCallable.run(ReflectiveCallable.java:12)
	at org.junit.runners.model.FrameworkMethod.invokeExplosively(FrameworkMethod.java:47)
	at org.junit.internal.runners.statements.RunBefores.evaluate(RunBefores.java:24)
	at org.junit.runners.ParentRunner.run(ParentRunner.java:363)
	at org.apache.maven.surefire.junit4.JUnit4Provider.execute(JUnit4Provider.java:252)
	at org.apache.maven.surefire.junit4.JUnit4Provider.executeTestSet(JUnit4Provider.java:141)
	at org.apache.maven.surefire.junit4.JUnit4Provider.invoke(JUnit4Provider.java:112)
	at sun.reflect.NativeMethodAccessorImpl.invoke0(Native Method)
	at sun.reflect.NativeMethodAccessorImpl.invoke(NativeMethodAccessorImpl.java:62)
	at sun.reflect.DelegatingMethodAccessorImpl.invoke(DelegatingMethodAccessorImpl.java:43)
	at java.lang.reflect.Method.invoke(Method.java:498)
	at org.apache.maven.surefire.util.ReflectionUtils.invokeMethodWithArray(ReflectionUtils.java:189)
	at org.apache.maven.surefire.booter.ProviderFactory$ProviderProxy.invoke(ProviderFactory.java:165)
	at org.apache.maven.surefire.booter.ProviderFactory.invokeProvider(ProviderFactory.java:85)
	at org.apache.maven.surefire.booter.ForkedBooter.runSuitesInProcess(ForkedBooter.java:115)
	at org.apache.maven.surefire.booter.ForkedBooter.main(ForkedBooter.java:75)
Caused by: org.springframework.beans.BeanInstantiationException: Failed to instantiate [com.newroad.manage.service.imp.TaxPayerServiceImp]: Constructor threw exception; nested exception is org.apache.ibatis.exceptions.PersistenceException: 
### Error opening session.  Cause: java.lang.NullPointerException
### Cause: java.lang.NullPointerException
	at org.springframework.beans.BeanUtils.instantiateClass(BeanUtils.java:154)
	at org.springframework.beans.factory.support.SimpleInstantiationStrategy.instantiate(SimpleInstantiationStrategy.java:89)
	at org.springframework.beans.factory.support.AbstractAutowireCapableBeanFactory.instantiateBean(AbstractAutowireCapableBeanFactory.java:1147)
	... 34 more
Caused by: org.apache.ibatis.exceptions.PersistenceException: 
### Error opening session.  Cause: java.lang.NullPointerException
### Cause: java.lang.NullPointerException
	at org.apache.ibatis.exceptions.ExceptionFactory.wrapException(ExceptionFactory.java:30)
	at org.apache.ibatis.session.defaults.DefaultSqlSessionFactory.openSessionFromDataSource(DefaultSqlSessionFactory.java:100)
	at org.apache.ibatis.session.defaults.DefaultSqlSessionFactory.openSession(DefaultSqlSessionFactory.java:47)
	at com.newroad.util.MyBatisUtil.getSession(MyBatisUtil.java:21)
	at com.newroad.manage.service.imp.TaxPayerServiceImp.&lt;init&gt;(TaxPayerServiceImp.java:21)
	at sun.reflect.NativeConstructorAccessorImpl.newInstance0(Native Method)
	at sun.reflect.NativeConstructorAccessorImpl.newInstance(NativeConstructorAccessorImpl.java:62)
	at sun.reflect.DelegatingConstructorAccessorImpl.newInstance(DelegatingConstructorAccessorImpl.java:45)
	at java.lang.reflect.Constructor.newInstance(Constructor.java:423)
	at org.springframework.beans.BeanUtils.instantiateClass(BeanUtils.java:142)
	... 36 more
Caused by: java.lang.NullPointerException
	at org.apache.ibatis.session.defaults.DefaultSqlSessionFactory.openSessionFromDataSource(DefaultSqlSessionFactory.java:95)
	... 44 more
</error>
    <system-out>2019-05-29 12:18:31 DEBUG [org.springframework.core.io.support.PathMatchingResourcePatternResolver] Found Equinox FileLocator for OSGi bundle URL resolution
2019-05-29 12:18:31 DEBUG [org.springframework.core.env.StandardEnvironment] Adding [systemProperties] PropertySource with lowest search precedence
2019-05-29 12:18:31 DEBUG [org.springframework.core.env.StandardEnvironment] Adding [systemEnvironment] PropertySource with lowest search precedence
2019-05-29 12:18:31 DEBUG [org.springframework.core.env.StandardEnvironment] Initialized StandardEnvironment with PropertySources [systemProperties,systemEnvironment]
2019-05-29 12:18:31 INFO [org.springframework.context.support.ClassPathXmlApplicationContext] Refreshing org.springframework.context.support.ClassPathXmlApplicationContext@3796751b: startup date [Wed May 29 12:18:31 CST 2019]; root of context hierarchy
2019-05-29 12:18:31 DEBUG [org.springframework.core.env.StandardEnvironment] Adding [systemProperties] PropertySource with lowest search precedence
2019-05-29 12:18:31 DEBUG [org.springframework.core.env.StandardEnvironment] Adding [systemEnvironment] PropertySource with lowest search precedence
2019-05-29 12:18:31 DEBUG [org.springframework.core.env.StandardEnvironment] Initialized StandardEnvironment with PropertySources [systemProperties,systemEnvironment]
2019-05-29 12:18:31 INFO [org.springframework.beans.factory.xml.XmlBeanDefinitionReader] Loading XML bean definitions from class path resource [applicationContext.xml]
2019-05-29 12:18:31 DEBUG [org.springframework.beans.factory.xml.DefaultDocumentLoader] Using JAXP provider [com.sun.org.apache.xerces.internal.jaxp.DocumentBuilderFactoryImpl]
2019-05-29 12:18:31 DEBUG [org.springframework.beans.factory.xml.PluggableSchemaResolver] Loading schema mappings from [META-INF/spring.schemas]
2019-05-29 12:18:31 DEBUG [org.springframework.beans.factory.xml.PluggableSchemaResolver] Loaded schema mappings: {http://www.springframework.org/schema/tx/spring-tx-4.3.xsd=org/springframework/transaction/config/spring-tx-4.3.xsd, http://www.springframework.org/schema/tx/spring-tx-2.5.xsd=org/springframework/transaction/config/spring-tx-2.5.xsd, http://www.springframework.org/schema/cache/spring-cache-4.2.xsd=org/springframework/cache/config/spring-cache-4.2.xsd, http://www.springframework.org/schema/aop/spring-aop-4.1.xsd=org/springframework/aop/config/spring-aop-4.1.xsd, http://www.springframework.org/schema/context/spring-context-3.1.xsd=org/springframework/context/config/spring-context-3.1.xsd, http://www.springframework.org/schema/jdbc/spring-jdbc-4.1.xsd=org/springframework/jdbc/config/spring-jdbc-4.1.xsd, http://www.springframework.org/schema/util/spring-util-3.0.xsd=org/springframework/beans/factory/xml/spring-util-3.0.xsd, http://mybatis.org/schema/mybatis-spring-1.2.xsd=org/mybatis/spring/config/mybatis-spring-1.2.xsd, http://www.springframework.org/schema/tool/spring-tool.xsd=org/springframework/beans/factory/xml/spring-tool-4.3.xsd, http://www.springframework.org/schema/aop/spring-aop-3.2.xsd=org/springframework/aop/config/spring-aop-3.2.xsd, http://www.springframework.org/schema/lang/spring-lang-4.1.xsd=org/springframework/scripting/config/spring-lang-4.1.xsd, http://www.springframework.org/schema/context/spring-context-4.0.xsd=org/springframework/context/config/spring-context-4.0.xsd, http://www.springframework.org/schema/beans/spring-beans-4.2.xsd=org/springframework/beans/factory/xml/spring-beans-4.2.xsd, http://www.springframework.org/schema/tool/spring-tool-4.1.xsd=org/springframework/beans/factory/xml/spring-tool-4.1.xsd, http://www.springframework.org/schema/lang/spring-lang-3.2.xsd=org/springframework/scripting/config/spring-lang-3.2.xsd, http://www.springframework.org/schema/cache/spring-cache-3.2.xsd=org/springframework/cache/config/spring-cache-3.2.xsd, http://www.springframework.org/schema/jee/spring-jee-4.1.xsd=org/springframework/ejb/config/spring-jee-4.1.xsd, http://www.springframework.org/schema/jdbc/spring-jdbc-3.1.xsd=org/springframework/jdbc/config/spring-jdbc-3.1.xsd, http://www.springframework.org/schema/util/spring-util-2.0.xsd=org/springframework/beans/factory/xml/spring-util-2.0.xsd, http://www.springframework.org/schema/task/spring-task-4.2.xsd=org/springframework/scheduling/config/spring-task-4.2.xsd, http://www.springframework.org/schema/tool/spring-tool-3.2.xsd=org/springframework/beans/factory/xml/spring-tool-3.2.xsd, http://www.springframework.org/schema/context/spring-context.xsd=org/springframework/context/config/spring-context-4.3.xsd, http://www.springframework.org/schema/tx/spring-tx-4.2.xsd=org/springframework/transaction/config/spring-tx-4.2.xsd, http://www.springframework.org/schema/cache/spring-cache-4.1.xsd=org/springframework/cache/config/spring-cache-4.1.xsd, http://www.springframework.org/schema/aop/spring-aop-4.0.xsd=org/springframework/aop/config/spring-aop-4.0.xsd, http://www.springframework.org/schema/jee/spring-jee-3.2.xsd=org/springframework/ejb/config/spring-jee-3.2.xsd, http://www.springframework.org/schema/context/spring-context-3.0.xsd=org/springframework/context/config/spring-context-3.0.xsd, http://www.springframework.org/schema/jdbc/spring-jdbc-4.0.xsd=org/springframework/jdbc/config/spring-jdbc-4.0.xsd, http://www.springframework.org/schema/util/spring-util-4.3.xsd=org/springframework/beans/factory/xml/spring-util-4.3.xsd, http://www.springframework.org/schema/util/spring-util-2.5.xsd=org/springframework/beans/factory/xml/spring-util-2.5.xsd, http://www.springframework.org/schema/beans/spring-beans-3.2.xsd=org/springframework/beans/factory/xml/spring-beans-3.2.xsd, http://www.springframework.org/schema/aop/spring-aop-3.1.xsd=org/springframework/aop/config/spring-aop-3.1.xsd, http://www.springframework.org/schema/lang/spring-lang-4.0.xsd=org/springframework/scripting/config/spring-lang-4.0.xsd, http://www.springframework.org/schema/beans/spring-beans-4.1.xsd=org/springframework/beans/factory/xml/spring-beans-4.1.xsd, http://www.springframework.org/schema/tool/spring-tool-4.0.xsd=org/springframework/beans/factory/xml/spring-tool-4.0.xsd, http://www.springframework.org/schema/tx/spring-tx-3.2.xsd=org/springframework/transaction/config/spring-tx-3.2.xsd, http://www.springframework.org/schema/lang/spring-lang-3.1.xsd=org/springframework/scripting/config/spring-lang-3.1.xsd, http://www.springframework.org/schema/cache/spring-cache-3.1.xsd=org/springframework/cache/config/spring-cache-3.1.xsd, http://www.springframework.org/schema/jee/spring-jee-4.0.xsd=org/springframework/ejb/config/spring-jee-4.0.xsd, http://www.springframework.org/schema/jdbc/spring-jdbc-3.0.xsd=org/springframework/jdbc/config/spring-jdbc-3.0.xsd, http://www.springframework.org/schema/task/spring-task-4.1.xsd=org/springframework/scheduling/config/spring-task-4.1.xsd, http://www.springframework.org/schema/jdbc/spring-jdbc.xsd=org/springframework/jdbc/config/spring-jdbc-4.3.xsd, http://www.springframework.org/schema/tool/spring-tool-3.1.xsd=org/springframework/beans/factory/xml/spring-tool-3.1.xsd, http://www.springframework.org/schema/tx/spring-tx-4.1.xsd=org/springframework/transaction/config/spring-tx-4.1.xsd, http://www.springframework.org/schema/cache/spring-cache-4.0.xsd=org/springframework/cache/config/spring-cache-4.0.xsd, http://www.springframework.org/schema/jee/spring-jee-3.1.xsd=org/springframework/ejb/config/spring-jee-3.1.xsd, http://www.springframework.org/schema/util/spring-util-4.2.xsd=org/springframework/beans/factory/xml/spring-util-4.2.xsd, http://www.springframework.org/schema/task/spring-task-3.2.xsd=org/springframework/scheduling/config/spring-task-3.2.xsd, http://www.springframework.org/schema/beans/spring-beans-3.1.xsd=org/springframework/beans/factory/xml/spring-beans-3.1.xsd, http://www.springframework.org/schema/util/spring-util.xsd=org/springframework/beans/factory/xml/spring-util-4.3.xsd, http://www.springframework.org/schema/aop/spring-aop-3.0.xsd=org/springframework/aop/config/spring-aop-3.0.xsd, http://www.springframework.org/schema/beans/spring-beans-4.0.xsd=org/springframework/beans/factory/xml/spring-beans-4.0.xsd, http://www.springframework.org/schema/beans/spring-beans.xsd=org/springframework/beans/factory/xml/spring-beans-4.3.xsd, http://mybatis.org/schema/mybatis-spring.xsd=org/mybatis/spring/config/mybatis-spring-1.2.xsd, http://www.springframework.org/schema/tx/spring-tx-3.1.xsd=org/springframework/transaction/config/spring-tx-3.1.xsd, http://www.springframework.org/schema/lang/spring-lang-3.0.xsd=org/springframework/scripting/config/spring-lang-3.0.xsd, http://www.springframework.org/schema/context/spring-context-2.5.xsd=org/springframework/context/config/spring-context-2.5.xsd, http://www.springframework.org/schema/context/spring-context-4.3.xsd=org/springframework/context/config/spring-context-4.3.xsd, http://www.springframework.org/schema/task/spring-task-4.0.xsd=org/springframework/scheduling/config/spring-task-4.0.xsd, http://www.springframework.org/schema/tool/spring-tool-3.0.xsd=org/springframework/beans/factory/xml/spring-tool-3.0.xsd, http://www.springframework.org/schema/tx/spring-tx-4.0.xsd=org/springframework/transaction/config/spring-tx-4.0.xsd, http://www.springframework.org/schema/aop/spring-aop-2.0.xsd=org/springframework/aop/config/spring-aop-2.0.xsd, http://www.springframework.org/schema/jee/spring-jee-3.0.xsd=org/springframework/ejb/config/spring-jee-3.0.xsd, http://www.springframework.org/schema/util/spring-util-4.1.xsd=org/springframework/beans/factory/xml/spring-util-4.1.xsd, http://www.springframework.org/schema/task/spring-task-3.1.xsd=org/springframework/scheduling/config/spring-task-3.1.xsd, http://www.springframework.org/schema/beans/spring-beans-3.0.xsd=org/springframework/beans/factory/xml/spring-beans-3.0.xsd, http://www.springframework.org/schema/jee/spring-jee.xsd=org/springframework/ejb/config/spring-jee-4.3.xsd, http://www.springframework.org/schema/aop/spring-aop-2.5.xsd=org/springframework/aop/config/spring-aop-2.5.xsd, http://www.springframework.org/schema/aop/spring-aop-4.3.xsd=org/springframework/aop/config/spring-aop-4.3.xsd, http://www.springframework.org/schema/lang/spring-lang-2.0.xsd=org/springframework/scripting/config/spring-lang-2.0.xsd, http://www.springframework.org/schema/jdbc/spring-jdbc-4.3.xsd=org/springframework/jdbc/config/spring-jdbc-4.3.xsd, http://www.springframework.org/schema/util/spring-util-3.2.xsd=org/springframework/beans/factory/xml/spring-util-3.2.xsd, http://www.springframework.org/schema/task/spring-task.xsd=org/springframework/scheduling/config/spring-task-4.3.xsd, http://www.springframework.org/schema/tool/spring-tool-2.0.xsd=org/springframework/beans/factory/xml/spring-tool-2.0.xsd, http://www.springframework.org/schema/tx/spring-tx-3.0.xsd=org/springframework/transaction/config/spring-tx-3.0.xsd, http://www.springframework.org/schema/lang/spring-lang-2.5.xsd=org/springframework/scripting/config/spring-lang-2.5.xsd, http://www.springframework.org/schema/lang/spring-lang-4.3.xsd=org/springframework/scripting/config/spring-lang-4.3.xsd, http://www.springframework.org/schema/context/spring-context-4.2.xsd=org/springframework/context/config/spring-context-4.2.xsd, http://www.springframework.org/schema/jee/spring-jee-2.0.xsd=org/springframework/ejb/config/spring-jee-2.0.xsd, http://www.springframework.org/schema/tool/spring-tool-4.3.xsd=org/springframework/beans/factory/xml/spring-tool-4.3.xsd, http://www.springframework.org/schema/tool/spring-tool-2.5.xsd=org/springframework/beans/factory/xml/spring-tool-2.5.xsd, http://www.springframework.org/schema/jee/spring-jee-4.3.xsd=org/springframework/ejb/config/spring-jee-4.3.xsd, http://www.springframework.org/schema/jee/spring-jee-2.5.xsd=org/springframework/ejb/config/spring-jee-2.5.xsd, http://www.springframework.org/schema/util/spring-util-4.0.xsd=org/springframework/beans/factory/xml/spring-util-4.0.xsd, http://www.springframework.org/schema/task/spring-task-3.0.xsd=org/springframework/scheduling/config/spring-task-3.0.xsd, http://www.springframework.org/schema/cache/spring-cache-4.3.xsd=org/springframework/cache/config/spring-cache-4.3.xsd, http://www.springframework.org/schema/aop/spring-aop-4.2.xsd=org/springframework/aop/config/spring-aop-4.2.xsd, http://www.springframework.org/schema/lang/spring-lang.xsd=org/springframework/scripting/config/spring-lang-4.3.xsd, http://www.springframework.org/schema/context/spring-context-3.2.xsd=org/springframework/context/config/spring-context-3.2.xsd, http://www.springframework.org/schema/jdbc/spring-jdbc-4.2.xsd=org/springframework/jdbc/config/spring-jdbc-4.2.xsd, http://www.springframework.org/schema/util/spring-util-3.1.xsd=org/springframework/beans/factory/xml/spring-util-3.1.xsd, http://www.springframework.org/schema/beans/spring-beans-2.0.xsd=org/springframework/beans/factory/xml/spring-beans-2.0.xsd, http://www.springframework.org/schema/cache/spring-cache.xsd=org/springframework/cache/config/spring-cache-4.3.xsd, http://www.springframework.org/schema/tx/spring-tx.xsd=org/springframework/transaction/config/spring-tx-4.3.xsd, http://www.springframework.org/schema/lang/spring-lang-4.2.xsd=org/springframework/scripting/config/spring-lang-4.2.xsd, http://www.springframework.org/schema/context/spring-context-4.1.xsd=org/springframework/context/config/spring-context-4.1.xsd, http://www.springframework.org/schema/beans/spring-beans-2.5.xsd=org/springframework/beans/factory/xml/spring-beans-2.5.xsd, http://www.springframework.org/schema/beans/spring-beans-4.3.xsd=org/springframework/beans/factory/xml/spring-beans-4.3.xsd, http://www.springframework.org/schema/tool/spring-tool-4.2.xsd=org/springframework/beans/factory/xml/spring-tool-4.2.xsd, http://www.springframework.org/schema/tx/spring-tx-2.0.xsd=org/springframework/transaction/config/spring-tx-2.0.xsd, http://www.springframework.org/schema/jee/spring-jee-4.2.xsd=org/springframework/ejb/config/spring-jee-4.2.xsd, http://www.springframework.org/schema/jdbc/spring-jdbc-3.2.xsd=org/springframework/jdbc/config/spring-jdbc-3.2.xsd, http://www.springframework.org/schema/task/spring-task-4.3.xsd=org/springframework/scheduling/config/spring-task-4.3.xsd, http://www.springframework.org/schema/aop/spring-aop.xsd=org/springframework/aop/config/spring-aop-4.3.xsd}
2019-05-29 12:18:31 DEBUG [org.springframework.beans.factory.xml.PluggableSchemaResolver] Found XML schema [http://www.springframework.org/schema/beans/spring-beans.xsd] in classpath: org/springframework/beans/factory/xml/spring-beans-4.3.xsd
2019-05-29 12:18:32 DEBUG [org.springframework.beans.factory.xml.PluggableSchemaResolver] Found XML schema [http://www.springframework.org/schema/context/spring-context-4.3.xsd] in classpath: org/springframework/context/config/spring-context-4.3.xsd
2019-05-29 12:18:32 DEBUG [org.springframework.beans.factory.xml.PluggableSchemaResolver] Found XML schema [http://www.springframework.org/schema/tool/spring-tool-4.3.xsd] in classpath: org/springframework/beans/factory/xml/spring-tool-4.3.xsd
2019-05-29 12:18:32 DEBUG [org.springframework.beans.factory.xml.PluggableSchemaResolver] Found XML schema [http://www.springframework.org/schema/tx/spring-tx-4.3.xsd] in classpath: org/springframework/transaction/config/spring-tx-4.3.xsd
2019-05-29 12:18:32 DEBUG [org.springframework.beans.factory.xml.PluggableSchemaResolver] Found XML schema [http://www.springframework.org/schema/aop/spring-aop-4.3.xsd] in classpath: org/springframework/aop/config/spring-aop-4.3.xsd
2019-05-29 12:18:32 DEBUG [org.springframework.beans.factory.xml.DefaultBeanDefinitionDocumentReader] Loading bean definitions
2019-05-29 12:18:32 DEBUG [org.springframework.beans.factory.xml.DefaultNamespaceHandlerResolver] Loaded NamespaceHandler mappings: {http://www.springframework.org/schema/p=org.springframework.beans.factory.xml.SimplePropertyNamespaceHandler, http://www.springframework.org/schema/util=org.springframework.beans.factory.xml.UtilNamespaceHandler, http://www.springframework.org/schema/jee=org.springframework.ejb.config.JeeNamespaceHandler, http://www.springframework.org/schema/aop=org.springframework.aop.config.AopNamespaceHandler, http://www.springframework.org/schema/jdbc=org.springframework.jdbc.config.JdbcNamespaceHandler, http://www.springframework.org/schema/cache=org.springframework.cache.config.CacheNamespaceHandler, http://mybatis.org/schema/mybatis-spring=org.mybatis.spring.config.NamespaceHandler, http://www.springframework.org/schema/c=org.springframework.beans.factory.xml.SimpleConstructorNamespaceHandler, http://www.springframework.org/schema/tx=org.springframework.transaction.config.TxNamespaceHandler, http://www.springframework.org/schema/task=org.springframework.scheduling.config.TaskNamespaceHandler, http://www.springframework.org/schema/lang=org.springframework.scripting.config.LangNamespaceHandler, http://www.springframework.org/schema/context=org.springframework.context.config.ContextNamespaceHandler}
2019-05-29 12:18:32 DEBUG [org.springframework.core.io.support.PathMatchingResourcePatternResolver] Resolved classpath location [com/newroad/] to resources [URL [file:/E:/mybatis_workspace/TaxSource_maven/target/test-classes/com/newroad/], URL [file:/E:/mybatis_workspace/TaxSource_maven/target/classes/com/newroad/]]
2019-05-29 12:18:32 DEBUG [org.springframework.core.io.support.PathMatchingResourcePatternResolver] Looking for matching resources in directory tree [E:\mybatis_workspace\TaxSource_maven\target\test-classes\com\newroad]
2019-05-29 12:18:32 DEBUG [org.springframework.core.io.support.PathMatchingResourcePatternResolver] Searching directory [E:\mybatis_workspace\TaxSource_maven\target\test-classes\com\newroad] for files matching pattern [E:/mybatis_workspace/TaxSource_maven/target/test-classes/com/newroad/**/*.class]
2019-05-29 12:18:32 DEBUG [org.springframework.core.io.support.PathMatchingResourcePatternResolver] Searching directory [E:\mybatis_workspace\TaxSource_maven\target\test-classes\com\newroad\test] for files matching pattern [E:/mybatis_workspace/TaxSource_maven/target/test-classes/com/newroad/**/*.class]
2019-05-29 12:18:32 DEBUG [org.springframework.core.io.support.PathMatchingResourcePatternResolver] Looking for matching resources in directory tree [E:\mybatis_workspace\TaxSource_maven\target\classes\com\newroad]
2019-05-29 12:18:32 DEBUG [org.springframework.core.io.support.PathMatchingResourcePatternResolver] Searching directory [E:\mybatis_workspace\TaxSource_maven\target\classes\com\newroad] for files matching pattern [E:/mybatis_workspace/TaxSource_maven/target/classes/com/newroad/**/*.class]
2019-05-29 12:18:32 DEBUG [org.springframework.core.io.support.PathMatchingResourcePatternResolver] Searching directory [E:\mybatis_workspace\TaxSource_maven\target\classes\com\newroad\base] for files matching pattern [E:/mybatis_workspace/TaxSource_maven/target/classes/com/newroad/**/*.class]
2019-05-29 12:18:32 DEBUG [org.springframework.core.io.support.PathMatchingResourcePatternResolver] Searching directory [E:\mybatis_workspace\TaxSource_maven\target\classes\com\newroad\constants] for files matching pattern [E:/mybatis_workspace/TaxSource_maven/target/classes/com/newroad/**/*.class]
2019-05-29 12:18:32 DEBUG [org.springframework.core.io.support.PathMatchingResourcePatternResolver] Searching directory [E:\mybatis_workspace\TaxSource_maven\target\classes\com\newroad\exception] for files matching pattern [E:/mybatis_workspace/TaxSource_maven/target/classes/com/newroad/**/*.class]
2019-05-29 12:18:32 DEBUG [org.springframework.core.io.support.PathMatchingResourcePatternResolver] Searching directory [E:\mybatis_workspace\TaxSource_maven\target\classes\com\newroad\filter] for files matching pattern [E:/mybatis_workspace/TaxSource_maven/target/classes/com/newroad/**/*.class]
2019-05-29 12:18:32 DEBUG [org.springframework.core.io.support.PathMatchingResourcePatternResolver] Searching directory [E:\mybatis_workspace\TaxSource_maven\target\classes\com\newroad\listener] for files matching pattern [E:/mybatis_workspace/TaxSource_maven/target/classes/com/newroad/**/*.class]
2019-05-29 12:18:32 DEBUG [org.springframework.core.io.support.PathMatchingResourcePatternResolver] Searching directory [E:\mybatis_workspace\TaxSource_maven\target\classes\com\newroad\manage] for files matching pattern [E:/mybatis_workspace/TaxSource_maven/target/classes/com/newroad/**/*.class]
2019-05-29 12:18:32 DEBUG [org.springframework.core.io.support.PathMatchingResourcePatternResolver] Searching directory [E:\mybatis_workspace\TaxSource_maven\target\classes\com\newroad\manage\controller] for files matching pattern [E:/mybatis_workspace/TaxSource_maven/target/classes/com/newroad/**/*.class]
2019-05-29 12:18:32 DEBUG [org.springframework.core.io.support.PathMatchingResourcePatternResolver] Searching directory [E:\mybatis_workspace\TaxSource_maven\target\classes\com\newroad\manage\dao] for files matching pattern [E:/mybatis_workspace/TaxSource_maven/target/classes/com/newroad/**/*.class]
2019-05-29 12:18:32 DEBUG [org.springframework.core.io.support.PathMatchingResourcePatternResolver] Searching directory [E:\mybatis_workspace\TaxSource_maven\target\classes\com\newroad\manage\entity] for files matching pattern [E:/mybatis_workspace/TaxSource_maven/target/classes/com/newroad/**/*.class]
2019-05-29 12:18:32 DEBUG [org.springframework.core.io.support.PathMatchingResourcePatternResolver] Searching directory [E:\mybatis_workspace\TaxSource_maven\target\classes\com\newroad\manage\service] for files matching pattern [E:/mybatis_workspace/TaxSource_maven/target/classes/com/newroad/**/*.class]
2019-05-29 12:18:32 DEBUG [org.springframework.core.io.support.PathMatchingResourcePatternResolver] Searching directory [E:\mybatis_workspace\TaxSource_maven\target\classes\com\newroad\manage\service\imp] for files matching pattern [E:/mybatis_workspace/TaxSource_maven/target/classes/com/newroad/**/*.class]
2019-05-29 12:18:32 DEBUG [org.springframework.core.io.support.PathMatchingResourcePatternResolver] Searching directory [E:\mybatis_workspace\TaxSource_maven\target\classes\com\newroad\system] for files matching pattern [E:/mybatis_workspace/TaxSource_maven/target/classes/com/newroad/**/*.class]
2019-05-29 12:18:32 DEBUG [org.springframework.core.io.support.PathMatchingResourcePatternResolver] Searching directory [E:\mybatis_workspace\TaxSource_maven\target\classes\com\newroad\system\controller] for files matching pattern [E:/mybatis_workspace/TaxSource_maven/target/classes/com/newroad/**/*.class]
2019-05-29 12:18:32 DEBUG [org.springframework.core.io.support.PathMatchingResourcePatternResolver] Searching directory [E:\mybatis_workspace\TaxSource_maven\target\classes\com\newroad\system\dao] for files matching pattern [E:/mybatis_workspace/TaxSource_maven/target/classes/com/newroad/**/*.class]
2019-05-29 12:18:32 DEBUG [org.springframework.core.io.support.PathMatchingResourcePatternResolver] Searching directory [E:\mybatis_workspace\TaxSource_maven\target\classes\com\newroad\system\entity] for files matching pattern [E:/mybatis_workspace/TaxSource_maven/target/classes/com/newroad/**/*.class]
2019-05-29 12:18:32 DEBUG [org.springframework.core.io.support.PathMatchingResourcePatternResolver] Searching directory [E:\mybatis_workspace\TaxSource_maven\target\classes\com\newroad\system\service] for files matching pattern [E:/mybatis_workspace/TaxSource_maven/target/classes/com/newroad/**/*.class]
2019-05-29 12:18:32 DEBUG [org.springframework.core.io.support.PathMatchingResourcePatternResolver] Searching directory [E:\mybatis_workspace\TaxSource_maven\target\classes\com\newroad\system\service\imp] for files matching pattern [E:/mybatis_workspace/TaxSource_maven/target/classes/com/newroad/**/*.class]
2019-05-29 12:18:32 DEBUG [org.springframework.core.io.support.PathMatchingResourcePatternResolver] Searching directory [E:\mybatis_workspace\TaxSource_maven\target\classes\com\newroad\test] for files matching pattern [E:/mybatis_workspace/TaxSource_maven/target/classes/com/newroad/**/*.class]
2019-05-29 12:18:32 DEBUG [org.springframework.core.io.support.PathMatchingResourcePatternResolver] Searching directory [E:\mybatis_workspace\TaxSource_maven\target\classes\com\newroad\util] for files matching pattern [E:/mybatis_workspace/TaxSource_maven/target/classes/com/newroad/**/*.class]
2019-05-29 12:18:32 DEBUG [org.springframework.core.io.support.PathMatchingResourcePatternResolver] Resolved location pattern [classpath*:com/newroad/**/*.class] to resources [file [E:\mybatis_workspace\TaxSource_maven\target\test-classes\com\newroad\test\Test01.class], file [E:\mybatis_workspace\TaxSource_maven\target\classes\com\newroad\base\BaseException.class], file [E:\mybatis_workspace\TaxSource_maven\target\classes\com\newroad\base\BaseServlet.class], file [E:\mybatis_workspace\TaxSource_maven\target\classes\com\newroad\base\ResponseResult.class], file [E:\mybatis_workspace\TaxSource_maven\target\classes\com\newroad\constants\PermissionType.class], file [E:\mybatis_workspace\TaxSource_maven\target\classes\com\newroad\constants\UserState.class], file [E:\mybatis_workspace\TaxSource_maven\target\classes\com\newroad\exception\BeanConverteExcpetion.class], file [E:\mybatis_workspace\TaxSource_maven\target\classes\com\newroad\exception\DataAccessException.class], file [E:\mybatis_workspace\TaxSource_maven\target\classes\com\newroad\exception\NoSuchActionException.class], file [E:\mybatis_workspace\TaxSource_maven\target\classes\com\newroad\exception\NoSuchParameterException.class], file [E:\mybatis_workspace\TaxSource_maven\target\classes\com\newroad\filter\EncodingFilter.class], file [E:\mybatis_workspace\TaxSource_maven\target\classes\com\newroad\filter\ExceptionFilter.class], file [E:\mybatis_workspace\TaxSource_maven\target\classes\com\newroad\filter\LoginFilter.class], file [E:\mybatis_workspace\TaxSource_maven\target\classes\com\newroad\manage\controller\IndexServlet.class], file [E:\mybatis_workspace\TaxSource_maven\target\classes\com\newroad\manage\controller\IndustryServlet.class], file [E:\mybatis_workspace\TaxSource_maven\target\classes\com\newroad\manage\controller\TaxerServlet.class], file [E:\mybatis_workspace\TaxSource_maven\target\classes\com\newroad\manage\controller\TaxOrganServlet.class], file [E:\mybatis_workspace\TaxSource_maven\target\classes\com\newroad\manage\controller\TaxPayerServlet.class], file [E:\mybatis_workspace\TaxSource_maven\target\classes\com\newroad\manage\controller\TaxSourceServlet.class], file [E:\mybatis_workspace\TaxSource_maven\target\classes\com\newroad\manage\controller\UploadServlet.class], file [E:\mybatis_workspace\TaxSource_maven\target\classes\com\newroad\manage\dao\AttachmentInfoMapper.class], file [E:\mybatis_workspace\TaxSource_maven\target\classes\com\newroad\manage\dao\ImageLinkMapper.class], file [E:\mybatis_workspace\TaxSource_maven\target\classes\com\newroad\manage\dao\IndustryMapper.class], file [E:\mybatis_workspace\TaxSource_maven\target\classes\com\newroad\manage\dao\TaxerMapper.class], file [E:\mybatis_workspace\TaxSource_maven\target\classes\com\newroad\manage\dao\TaxOrganMapper.class], file [E:\mybatis_workspace\TaxSource_maven\target\classes\com\newroad\manage\dao\TaxPayerMapper.class], file [E:\mybatis_workspace\TaxSource_maven\target\classes\com\newroad\manage\dao\TaxSourceMapper.class], file [E:\mybatis_workspace\TaxSource_maven\target\classes\com\newroad\manage\entity\AttachmentInfo.class], file [E:\mybatis_workspace\TaxSource_maven\target\classes\com\newroad\manage\entity\ImageLink.class], file [E:\mybatis_workspace\TaxSource_maven\target\classes\com\newroad\manage\entity\Industry.class], file [E:\mybatis_workspace\TaxSource_maven\target\classes\com\newroad\manage\entity\Taxer.class], file [E:\mybatis_workspace\TaxSource_maven\target\classes\com\newroad\manage\entity\TaxOrgan.class], file [E:\mybatis_workspace\TaxSource_maven\target\classes\com\newroad\manage\entity\TaxPayer.class], file [E:\mybatis_workspace\TaxSource_maven\target\classes\com\newroad\manage\entity\TaxSource.class], file [E:\mybatis_workspace\TaxSource_maven\target\classes\com\newroad\manage\service\imp\IndustryServiceImp.class], file [E:\mybatis_workspace\TaxSource_maven\target\classes\com\newroad\manage\service\imp\TaxerServiceImp.class], file [E:\mybatis_workspace\TaxSource_maven\target\classes\com\newroad\manage\service\imp\TaxOrganServiceImp.class], file [E:\mybatis_workspace\TaxSource_maven\target\classes\com\newroad\manage\service\imp\TaxPayerServiceImp.class], file [E:\mybatis_workspace\TaxSource_maven\target\classes\com\newroad\manage\service\imp\TaxSourceSerrviceImp.class], file [E:\mybatis_workspace\TaxSource_maven\target\classes\com\newroad\manage\service\IndustryServiceIf.class], file [E:\mybatis_workspace\TaxSource_maven\target\classes\com\newroad\manage\service\TaxerServiceIf.class], file [E:\mybatis_workspace\TaxSource_maven\target\classes\com\newroad\manage\service\TaxOrganServiceIf.class], file [E:\mybatis_workspace\TaxSource_maven\target\classes\com\newroad\manage\service\TaxPayerServiceIf.class], file [E:\mybatis_workspace\TaxSource_maven\target\classes\com\newroad\manage\service\TaxSourceServiceIf.class], file [E:\mybatis_workspace\TaxSource_maven\target\classes\com\newroad\system\controller\LoginServlet.class], file [E:\mybatis_workspace\TaxSource_maven\target\classes\com\newroad\system\controller\LogoutServlet.class], file [E:\mybatis_workspace\TaxSource_maven\target\classes\com\newroad\system\controller\ValidateServlet.class], file [E:\mybatis_workspace\TaxSource_maven\target\classes\com\newroad\system\dao\UserMapper.class], file [E:\mybatis_workspace\TaxSource_maven\target\classes\com\newroad\system\entity\User.class], file [E:\mybatis_workspace\TaxSource_maven\target\classes\com\newroad\system\service\imp\UserServiceImp.class], file [E:\mybatis_workspace\TaxSource_maven\target\classes\com\newroad\system\service\UserServiceIf.class], file [E:\mybatis_workspace\TaxSource_maven\target\classes\com\newroad\util\ApplicationContextHolder.class], file [E:\mybatis_workspace\TaxSource_maven\target\classes\com\newroad\util\BeanUtil.class], file [E:\mybatis_workspace\TaxSource_maven\target\classes\com\newroad\util\DBUtil.class], file [E:\mybatis_workspace\TaxSource_maven\target\classes\com\newroad\util\EncryptUtil.class], file [E:\mybatis_workspace\TaxSource_maven\target\classes\com\newroad\util\Expression$CompareType.class], file [E:\mybatis_workspace\TaxSource_maven\target\classes\com\newroad\util\Expression.class], file [E:\mybatis_workspace\TaxSource_maven\target\classes\com\newroad\util\MyBatisUtil.class], file [E:\mybatis_workspace\TaxSource_maven\target\classes\com\newroad\util\QueryCriteria.class], file [E:\mybatis_workspace\TaxSource_maven\target\classes\com\newroad\util\RandomUtil.class]]
2019-05-29 12:18:32 DEBUG [org.springframework.context.annotation.ClassPathBeanDefinitionScanner] Identified candidate component class: file [E:\mybatis_workspace\TaxSource_maven\target\classes\com\newroad\manage\service\imp\IndustryServiceImp.class]
2019-05-29 12:18:32 DEBUG [org.springframework.context.annotation.ClassPathBeanDefinitionScanner] Identified candidate component class: file [E:\mybatis_workspace\TaxSource_maven\target\classes\com\newroad\manage\service\imp\TaxerServiceImp.class]
2019-05-29 12:18:32 DEBUG [org.springframework.context.annotation.ClassPathBeanDefinitionScanner] Identified candidate component class: file [E:\mybatis_workspace\TaxSource_maven\target\classes\com\newroad\manage\service\imp\TaxOrganServiceImp.class]
2019-05-29 12:18:32 DEBUG [org.springframework.context.annotation.ClassPathBeanDefinitionScanner] Identified candidate component class: file [E:\mybatis_workspace\TaxSource_maven\target\classes\com\newroad\manage\service\imp\TaxPayerServiceImp.class]
2019-05-29 12:18:32 DEBUG [org.springframework.context.annotation.ClassPathBeanDefinitionScanner] Identified candidate component class: file [E:\mybatis_workspace\TaxSource_maven\target\classes\com\newroad\manage\service\imp\TaxSourceSerrviceImp.class]
2019-05-29 12:18:32 DEBUG [org.springframework.context.annotation.ClassPathBeanDefinitionScanner] Identified candidate component class: file [E:\mybatis_workspace\TaxSource_maven\target\classes\com\newroad\system\service\imp\UserServiceImp.class]
2019-05-29 12:18:32 DEBUG [org.springframework.context.annotation.ClassPathBeanDefinitionScanner] Identified candidate component class: file [E:\mybatis_workspace\TaxSource_maven\target\classes\com\newroad\util\ApplicationContextHolder.class]
2019-05-29 12:18:32 DEBUG [org.springframework.beans.factory.xml.BeanDefinitionParserDelegate] Neither XML &apos;id&apos; nor &apos;name&apos; specified - using generated bean name [org.mybatis.spring.mapper.MapperScannerConfigurer#0]
2019-05-29 12:18:32 DEBUG [org.springframework.beans.factory.xml.XmlBeanDefinitionReader] Loaded 22 bean definitions from location pattern [applicationContext.xml]
2019-05-29 12:18:32 DEBUG [org.springframework.context.support.ClassPathXmlApplicationContext] Bean factory for org.springframework.context.support.ClassPathXmlApplicationContext@3796751b: org.springframework.beans.factory.support.DefaultListableBeanFactory@3d0f8e03: defining beans [org.springframework.context.annotation.internalConfigurationAnnotationProcessor,org.springframework.context.annotation.internalAutowiredAnnotationProcessor,org.springframework.context.annotation.internalRequiredAnnotationProcessor,org.springframework.context.annotation.internalCommonAnnotationProcessor,org.springframework.context.event.internalEventListenerProcessor,org.springframework.context.event.internalEventListenerFactory,industryServiceImp,taxerServiceImp,taxOrganServiceImp,taxPayerServiceImp,taxSourceSerrviceImp,userServiceImp,applicationContextHolder,org.springframework.transaction.config.internalTransactionalEventListenerFactory,org.springframework.aop.config.internalAutoProxyCreator,org.springframework.transaction.annotation.AnnotationTransactionAttributeSource#0,org.springframework.transaction.interceptor.TransactionInterceptor#0,org.springframework.transaction.config.internalTransactionAdvisor,dataSource,transactionManager,sqlSessionFactory,org.mybatis.spring.mapper.MapperScannerConfigurer#0]; root of factory hierarchy
2019-05-29 12:18:32 DEBUG [org.springframework.beans.factory.support.DefaultListableBeanFactory] Creating shared instance of singleton bean &apos;org.springframework.context.annotation.internalConfigurationAnnotationProcessor&apos;
2019-05-29 12:18:32 DEBUG [org.springframework.beans.factory.support.DefaultListableBeanFactory] Creating instance of bean &apos;org.springframework.context.annotation.internalConfigurationAnnotationProcessor&apos;
2019-05-29 12:18:32 DEBUG [org.springframework.beans.factory.support.DefaultListableBeanFactory] Eagerly caching bean &apos;org.springframework.context.annotation.internalConfigurationAnnotationProcessor&apos; to allow for resolving potential circular references
2019-05-29 12:18:32 DEBUG [org.springframework.beans.factory.support.DefaultListableBeanFactory] Finished creating instance of bean &apos;org.springframework.context.annotation.internalConfigurationAnnotationProcessor&apos;
2019-05-29 12:18:32 DEBUG [org.springframework.beans.factory.support.DefaultListableBeanFactory] Creating shared instance of singleton bean &apos;org.mybatis.spring.mapper.MapperScannerConfigurer#0&apos;
2019-05-29 12:18:32 DEBUG [org.springframework.beans.factory.support.DefaultListableBeanFactory] Creating instance of bean &apos;org.mybatis.spring.mapper.MapperScannerConfigurer#0&apos;
2019-05-29 12:18:32 DEBUG [org.springframework.beans.factory.support.DefaultListableBeanFactory] Eagerly caching bean &apos;org.mybatis.spring.mapper.MapperScannerConfigurer#0&apos; to allow for resolving potential circular references
2019-05-29 12:18:32 DEBUG [org.springframework.beans.factory.support.DefaultListableBeanFactory] Invoking afterPropertiesSet() on bean with name &apos;org.mybatis.spring.mapper.MapperScannerConfigurer#0&apos;
2019-05-29 12:18:32 DEBUG [org.springframework.beans.factory.support.DefaultListableBeanFactory] Finished creating instance of bean &apos;org.mybatis.spring.mapper.MapperScannerConfigurer#0&apos;
2019-05-29 12:18:32 DEBUG [org.springframework.core.env.StandardEnvironment] Adding [systemProperties] PropertySource with lowest search precedence
2019-05-29 12:18:32 DEBUG [org.springframework.core.env.StandardEnvironment] Adding [systemEnvironment] PropertySource with lowest search precedence
2019-05-29 12:18:32 DEBUG [org.springframework.core.env.StandardEnvironment] Initialized StandardEnvironment with PropertySources [systemProperties,systemEnvironment]
2019-05-29 12:18:32 DEBUG [org.springframework.core.io.support.PathMatchingResourcePatternResolver] Resolved classpath location [com/newroad/] to resources [URL [file:/E:/mybatis_workspace/TaxSource_maven/target/test-classes/com/newroad/], URL [file:/E:/mybatis_workspace/TaxSource_maven/target/classes/com/newroad/]]
2019-05-29 12:18:32 DEBUG [org.springframework.core.io.support.PathMatchingResourcePatternResolver] Looking for matching resources in directory tree [E:\mybatis_workspace\TaxSource_maven\target\test-classes\com\newroad]
2019-05-29 12:18:32 DEBUG [org.springframework.core.io.support.PathMatchingResourcePatternResolver] Searching directory [E:\mybatis_workspace\TaxSource_maven\target\test-classes\com\newroad] for files matching pattern [E:/mybatis_workspace/TaxSource_maven/target/test-classes/com/newroad/*/dao/**/*.class]
2019-05-29 12:18:32 DEBUG [org.springframework.core.io.support.PathMatchingResourcePatternResolver] Searching directory [E:\mybatis_workspace\TaxSource_maven\target\test-classes\com\newroad\test] for files matching pattern [E:/mybatis_workspace/TaxSource_maven/target/test-classes/com/newroad/*/dao/**/*.class]
2019-05-29 12:18:32 DEBUG [org.springframework.core.io.support.PathMatchingResourcePatternResolver] Looking for matching resources in directory tree [E:\mybatis_workspace\TaxSource_maven\target\classes\com\newroad]
2019-05-29 12:18:32 DEBUG [org.springframework.core.io.support.PathMatchingResourcePatternResolver] Searching directory [E:\mybatis_workspace\TaxSource_maven\target\classes\com\newroad] for files matching pattern [E:/mybatis_workspace/TaxSource_maven/target/classes/com/newroad/*/dao/**/*.class]
2019-05-29 12:18:32 DEBUG [org.springframework.core.io.support.PathMatchingResourcePatternResolver] Searching directory [E:\mybatis_workspace\TaxSource_maven\target\classes\com\newroad\base] for files matching pattern [E:/mybatis_workspace/TaxSource_maven/target/classes/com/newroad/*/dao/**/*.class]
2019-05-29 12:18:32 DEBUG [org.springframework.core.io.support.PathMatchingResourcePatternResolver] Searching directory [E:\mybatis_workspace\TaxSource_maven\target\classes\com\newroad\constants] for files matching pattern [E:/mybatis_workspace/TaxSource_maven/target/classes/com/newroad/*/dao/**/*.class]
2019-05-29 12:18:32 DEBUG [org.springframework.core.io.support.PathMatchingResourcePatternResolver] Searching directory [E:\mybatis_workspace\TaxSource_maven\target\classes\com\newroad\exception] for files matching pattern [E:/mybatis_workspace/TaxSource_maven/target/classes/com/newroad/*/dao/**/*.class]
2019-05-29 12:18:32 DEBUG [org.springframework.core.io.support.PathMatchingResourcePatternResolver] Searching directory [E:\mybatis_workspace\TaxSource_maven\target\classes\com\newroad\filter] for files matching pattern [E:/mybatis_workspace/TaxSource_maven/target/classes/com/newroad/*/dao/**/*.class]
2019-05-29 12:18:32 DEBUG [org.springframework.core.io.support.PathMatchingResourcePatternResolver] Searching directory [E:\mybatis_workspace\TaxSource_maven\target\classes\com\newroad\listener] for files matching pattern [E:/mybatis_workspace/TaxSource_maven/target/classes/com/newroad/*/dao/**/*.class]
2019-05-29 12:18:32 DEBUG [org.springframework.core.io.support.PathMatchingResourcePatternResolver] Searching directory [E:\mybatis_workspace\TaxSource_maven\target\classes\com\newroad\manage] for files matching pattern [E:/mybatis_workspace/TaxSource_maven/target/classes/com/newroad/*/dao/**/*.class]
2019-05-29 12:18:32 DEBUG [org.springframework.core.io.support.PathMatchingResourcePatternResolver] Searching directory [E:\mybatis_workspace\TaxSource_maven\target\classes\com\newroad\manage\dao] for files matching pattern [E:/mybatis_workspace/TaxSource_maven/target/classes/com/newroad/*/dao/**/*.class]
2019-05-29 12:18:32 DEBUG [org.springframework.core.io.support.PathMatchingResourcePatternResolver] Searching directory [E:\mybatis_workspace\TaxSource_maven\target\classes\com\newroad\system] for files matching pattern [E:/mybatis_workspace/TaxSource_maven/target/classes/com/newroad/*/dao/**/*.class]
2019-05-29 12:18:32 DEBUG [org.springframework.core.io.support.PathMatchingResourcePatternResolver] Searching directory [E:\mybatis_workspace\TaxSource_maven\target\classes\com\newroad\system\dao] for files matching pattern [E:/mybatis_workspace/TaxSource_maven/target/classes/com/newroad/*/dao/**/*.class]
2019-05-29 12:18:32 DEBUG [org.springframework.core.io.support.PathMatchingResourcePatternResolver] Searching directory [E:\mybatis_workspace\TaxSource_maven\target\classes\com\newroad\test] for files matching pattern [E:/mybatis_workspace/TaxSource_maven/target/classes/com/newroad/*/dao/**/*.class]
2019-05-29 12:18:32 DEBUG [org.springframework.core.io.support.PathMatchingResourcePatternResolver] Searching directory [E:\mybatis_workspace\TaxSource_maven\target\classes\com\newroad\util] for files matching pattern [E:/mybatis_workspace/TaxSource_maven/target/classes/com/newroad/*/dao/**/*.class]
2019-05-29 12:18:32 DEBUG [org.springframework.core.io.support.PathMatchingResourcePatternResolver] Resolved location pattern [classpath*:com/newroad/*/dao/**/*.class] to resources [file [E:\mybatis_workspace\TaxSource_maven\target\classes\com\newroad\manage\dao\AttachmentInfoMapper.class], file [E:\mybatis_workspace\TaxSource_maven\target\classes\com\newroad\manage\dao\ImageLinkMapper.class], file [E:\mybatis_workspace\TaxSource_maven\target\classes\com\newroad\manage\dao\IndustryMapper.class], file [E:\mybatis_workspace\TaxSource_maven\target\classes\com\newroad\manage\dao\TaxerMapper.class], file [E:\mybatis_workspace\TaxSource_maven\target\classes\com\newroad\manage\dao\TaxOrganMapper.class], file [E:\mybatis_workspace\TaxSource_maven\target\classes\com\newroad\manage\dao\TaxPayerMapper.class], file [E:\mybatis_workspace\TaxSource_maven\target\classes\com\newroad\manage\dao\TaxSourceMapper.class], file [E:\mybatis_workspace\TaxSource_maven\target\classes\com\newroad\system\dao\UserMapper.class]]
2019-05-29 12:18:32 DEBUG [org.springframework.beans.factory.support.DefaultListableBeanFactory] Creating shared instance of singleton bean &apos;org.springframework.context.annotation.internalAutowiredAnnotationProcessor&apos;
2019-05-29 12:18:32 DEBUG [org.springframework.beans.factory.support.DefaultListableBeanFactory] Creating instance of bean &apos;org.springframework.context.annotation.internalAutowiredAnnotationProcessor&apos;
2019-05-29 12:18:32 DEBUG [org.springframework.beans.factory.support.DefaultListableBeanFactory] Eagerly caching bean &apos;org.springframework.context.annotation.internalAutowiredAnnotationProcessor&apos; to allow for resolving potential circular references
2019-05-29 12:18:32 DEBUG [org.springframework.beans.factory.support.DefaultListableBeanFactory] Finished creating instance of bean &apos;org.springframework.context.annotation.internalAutowiredAnnotationProcessor&apos;
2019-05-29 12:18:32 DEBUG [org.springframework.beans.factory.support.DefaultListableBeanFactory] Creating shared instance of singleton bean &apos;org.springframework.context.annotation.internalRequiredAnnotationProcessor&apos;
2019-05-29 12:18:32 DEBUG [org.springframework.beans.factory.support.DefaultListableBeanFactory] Creating instance of bean &apos;org.springframework.context.annotation.internalRequiredAnnotationProcessor&apos;
2019-05-29 12:18:32 DEBUG [org.springframework.beans.factory.support.DefaultListableBeanFactory] Eagerly caching bean &apos;org.springframework.context.annotation.internalRequiredAnnotationProcessor&apos; to allow for resolving potential circular references
2019-05-29 12:18:32 DEBUG [org.springframework.beans.factory.support.DefaultListableBeanFactory] Finished creating instance of bean &apos;org.springframework.context.annotation.internalRequiredAnnotationProcessor&apos;
2019-05-29 12:18:32 DEBUG [org.springframework.beans.factory.support.DefaultListableBeanFactory] Creating shared instance of singleton bean &apos;org.springframework.context.annotation.internalCommonAnnotationProcessor&apos;
2019-05-29 12:18:32 DEBUG [org.springframework.beans.factory.support.DefaultListableBeanFactory] Creating instance of bean &apos;org.springframework.context.annotation.internalCommonAnnotationProcessor&apos;
2019-05-29 12:18:32 DEBUG [org.springframework.beans.factory.support.DefaultListableBeanFactory] Eagerly caching bean &apos;org.springframework.context.annotation.internalCommonAnnotationProcessor&apos; to allow for resolving potential circular references
2019-05-29 12:18:32 DEBUG [org.springframework.beans.factory.support.DefaultListableBeanFactory] Finished creating instance of bean &apos;org.springframework.context.annotation.internalCommonAnnotationProcessor&apos;
2019-05-29 12:18:32 DEBUG [org.springframework.beans.factory.support.DefaultListableBeanFactory] Creating shared instance of singleton bean &apos;org.springframework.aop.config.internalAutoProxyCreator&apos;
2019-05-29 12:18:32 DEBUG [org.springframework.beans.factory.support.DefaultListableBeanFactory] Creating instance of bean &apos;org.springframework.aop.config.internalAutoProxyCreator&apos;
2019-05-29 12:18:32 DEBUG [org.springframework.beans.factory.support.DefaultListableBeanFactory] Eagerly caching bean &apos;org.springframework.aop.config.internalAutoProxyCreator&apos; to allow for resolving potential circular references
2019-05-29 12:18:32 DEBUG [org.springframework.beans.factory.support.DefaultListableBeanFactory] Finished creating instance of bean &apos;org.springframework.aop.config.internalAutoProxyCreator&apos;
2019-05-29 12:18:32 DEBUG [org.springframework.context.support.ClassPathXmlApplicationContext] Unable to locate MessageSource with name &apos;messageSource&apos;: using default [org.springframework.context.support.DelegatingMessageSource@795cd85e]
2019-05-29 12:18:32 DEBUG [org.springframework.context.support.ClassPathXmlApplicationContext] Unable to locate ApplicationEventMulticaster with name &apos;applicationEventMulticaster&apos;: using default [org.springframework.context.event.SimpleApplicationEventMulticaster@1d9b7cce]
2019-05-29 12:18:32 DEBUG [org.springframework.beans.factory.support.DefaultListableBeanFactory] Pre-instantiating singletons in org.springframework.beans.factory.support.DefaultListableBeanFactory@3d0f8e03: defining beans [org.springframework.context.annotation.internalConfigurationAnnotationProcessor,org.springframework.context.annotation.internalAutowiredAnnotationProcessor,org.springframework.context.annotation.internalRequiredAnnotationProcessor,org.springframework.context.annotation.internalCommonAnnotationProcessor,org.springframework.context.event.internalEventListenerProcessor,org.springframework.context.event.internalEventListenerFactory,industryServiceImp,taxerServiceImp,taxOrganServiceImp,taxPayerServiceImp,taxSourceSerrviceImp,userServiceImp,applicationContextHolder,org.springframework.transaction.config.internalTransactionalEventListenerFactory,org.springframework.aop.config.internalAutoProxyCreator,org.springframework.transaction.annotation.AnnotationTransactionAttributeSource#0,org.springframework.transaction.interceptor.TransactionInterceptor#0,org.springframework.transaction.config.internalTransactionAdvisor,dataSource,transactionManager,sqlSessionFactory,org.mybatis.spring.mapper.MapperScannerConfigurer#0,attachmentInfoMapper,imageLinkMapper,industryMapper,taxerMapper,taxOrganMapper,taxPayerMapper,taxSourceMapper,userMapper]; root of factory hierarchy
2019-05-29 12:18:32 DEBUG [org.springframework.beans.factory.support.DefaultListableBeanFactory] Returning cached instance of singleton bean &apos;org.springframework.context.annotation.internalConfigurationAnnotationProcessor&apos;
2019-05-29 12:18:32 DEBUG [org.springframework.beans.factory.support.DefaultListableBeanFactory] Returning cached instance of singleton bean &apos;org.springframework.context.annotation.internalAutowiredAnnotationProcessor&apos;
2019-05-29 12:18:32 DEBUG [org.springframework.beans.factory.support.DefaultListableBeanFactory] Returning cached instance of singleton bean &apos;org.springframework.context.annotation.internalRequiredAnnotationProcessor&apos;
2019-05-29 12:18:32 DEBUG [org.springframework.beans.factory.support.DefaultListableBeanFactory] Returning cached instance of singleton bean &apos;org.springframework.context.annotation.internalCommonAnnotationProcessor&apos;
2019-05-29 12:18:32 DEBUG [org.springframework.beans.factory.support.DefaultListableBeanFactory] Creating shared instance of singleton bean &apos;org.springframework.context.event.internalEventListenerProcessor&apos;
2019-05-29 12:18:32 DEBUG [org.springframework.beans.factory.support.DefaultListableBeanFactory] Creating instance of bean &apos;org.springframework.context.event.internalEventListenerProcessor&apos;
2019-05-29 12:18:32 DEBUG [org.springframework.beans.factory.support.DefaultListableBeanFactory] Creating shared instance of singleton bean &apos;org.springframework.transaction.config.internalTransactionAdvisor&apos;
2019-05-29 12:18:32 DEBUG [org.springframework.beans.factory.support.DefaultListableBeanFactory] Creating instance of bean &apos;org.springframework.transaction.config.internalTransactionAdvisor&apos;
2019-05-29 12:18:32 DEBUG [org.springframework.beans.factory.support.DefaultListableBeanFactory] Eagerly caching bean &apos;org.springframework.transaction.config.internalTransactionAdvisor&apos; to allow for resolving potential circular references
2019-05-29 12:18:32 DEBUG [org.springframework.beans.factory.support.DefaultListableBeanFactory] Creating shared instance of singleton bean &apos;org.springframework.transaction.annotation.AnnotationTransactionAttributeSource#0&apos;
2019-05-29 12:18:32 DEBUG [org.springframework.beans.factory.support.DefaultListableBeanFactory] Creating instance of bean &apos;org.springframework.transaction.annotation.AnnotationTransactionAttributeSource#0&apos;
2019-05-29 12:18:32 DEBUG [org.springframework.aop.framework.autoproxy.BeanFactoryAdvisorRetrievalHelper] Skipping currently created advisor &apos;org.springframework.transaction.config.internalTransactionAdvisor&apos;
2019-05-29 12:18:32 DEBUG [org.springframework.beans.factory.support.DefaultListableBeanFactory] Eagerly caching bean &apos;org.springframework.transaction.annotation.AnnotationTransactionAttributeSource#0&apos; to allow for resolving potential circular references
2019-05-29 12:18:32 DEBUG [org.springframework.aop.framework.autoproxy.BeanFactoryAdvisorRetrievalHelper] Skipping currently created advisor &apos;org.springframework.transaction.config.internalTransactionAdvisor&apos;
2019-05-29 12:18:32 DEBUG [org.springframework.aop.framework.autoproxy.BeanFactoryAdvisorRetrievalHelper] Skipping currently created advisor &apos;org.springframework.transaction.config.internalTransactionAdvisor&apos;
2019-05-29 12:18:32 DEBUG [org.springframework.beans.factory.support.DefaultListableBeanFactory] Finished creating instance of bean &apos;org.springframework.transaction.annotation.AnnotationTransactionAttributeSource#0&apos;
2019-05-29 12:18:32 DEBUG [org.springframework.beans.factory.support.DefaultListableBeanFactory] Finished creating instance of bean &apos;org.springframework.transaction.config.internalTransactionAdvisor&apos;
2019-05-29 12:18:32 DEBUG [org.springframework.beans.factory.support.DefaultListableBeanFactory] Eagerly caching bean &apos;org.springframework.context.event.internalEventListenerProcessor&apos; to allow for resolving potential circular references
2019-05-29 12:18:32 DEBUG [org.springframework.beans.factory.support.DefaultListableBeanFactory] Returning cached instance of singleton bean &apos;org.springframework.transaction.config.internalTransactionAdvisor&apos;
2019-05-29 12:18:32 DEBUG [org.springframework.beans.factory.support.DefaultListableBeanFactory] Returning cached instance of singleton bean &apos;org.springframework.transaction.config.internalTransactionAdvisor&apos;
2019-05-29 12:18:32 DEBUG [org.springframework.beans.factory.support.DefaultListableBeanFactory] Finished creating instance of bean &apos;org.springframework.context.event.internalEventListenerProcessor&apos;
2019-05-29 12:18:32 DEBUG [org.springframework.beans.factory.support.DefaultListableBeanFactory] Creating shared instance of singleton bean &apos;org.springframework.context.event.internalEventListenerFactory&apos;
2019-05-29 12:18:32 DEBUG [org.springframework.beans.factory.support.DefaultListableBeanFactory] Creating instance of bean &apos;org.springframework.context.event.internalEventListenerFactory&apos;
2019-05-29 12:18:32 DEBUG [org.springframework.beans.factory.support.DefaultListableBeanFactory] Returning cached instance of singleton bean &apos;org.springframework.transaction.config.internalTransactionAdvisor&apos;
2019-05-29 12:18:32 DEBUG [org.springframework.beans.factory.support.DefaultListableBeanFactory] Eagerly caching bean &apos;org.springframework.context.event.internalEventListenerFactory&apos; to allow for resolving potential circular references
2019-05-29 12:18:32 DEBUG [org.springframework.beans.factory.support.DefaultListableBeanFactory] Returning cached instance of singleton bean &apos;org.springframework.transaction.config.internalTransactionAdvisor&apos;
2019-05-29 12:18:32 DEBUG [org.springframework.beans.factory.support.DefaultListableBeanFactory] Returning cached instance of singleton bean &apos;org.springframework.transaction.config.internalTransactionAdvisor&apos;
2019-05-29 12:18:32 DEBUG [org.springframework.beans.factory.support.DefaultListableBeanFactory] Finished creating instance of bean &apos;org.springframework.context.event.internalEventListenerFactory&apos;
2019-05-29 12:18:32 DEBUG [org.springframework.beans.factory.support.DefaultListableBeanFactory] Creating shared instance of singleton bean &apos;industryServiceImp&apos;
2019-05-29 12:18:32 DEBUG [org.springframework.beans.factory.support.DefaultListableBeanFactory] Creating instance of bean &apos;industryServiceImp&apos;
2019-05-29 12:18:32 DEBUG [org.springframework.beans.factory.support.DefaultListableBeanFactory] Returning cached instance of singleton bean &apos;org.springframework.transaction.config.internalTransactionAdvisor&apos;
2019-05-29 12:18:32 DEBUG [org.springframework.beans.factory.annotation.InjectionMetadata] Registered injected element on class [com.newroad.manage.service.imp.IndustryServiceImp]: ResourceElement for com.newroad.manage.dao.IndustryMapper com.newroad.manage.service.imp.IndustryServiceImp.dao
2019-05-29 12:18:32 DEBUG [org.springframework.beans.factory.support.DefaultListableBeanFactory] Eagerly caching bean &apos;industryServiceImp&apos; to allow for resolving potential circular references
2019-05-29 12:18:32 DEBUG [org.springframework.beans.factory.annotation.InjectionMetadata] Processing injected element of bean &apos;industryServiceImp&apos;: ResourceElement for com.newroad.manage.dao.IndustryMapper com.newroad.manage.service.imp.IndustryServiceImp.dao
2019-05-29 12:18:33 DEBUG [org.springframework.beans.factory.support.DefaultListableBeanFactory] Returning cached instance of singleton bean &apos;org.springframework.transaction.config.internalTransactionAdvisor&apos;
2019-05-29 12:18:33 DEBUG [org.apache.ibatis.logging.LogFactory] Logging initialized using &apos;class org.apache.ibatis.logging.slf4j.Slf4jImpl&apos; adapter.
2019-05-29 12:18:33 DEBUG [org.springframework.beans.factory.support.DefaultListableBeanFactory] Returning cached instance of singleton bean &apos;org.springframework.transaction.config.internalTransactionAdvisor&apos;
2019-05-29 12:18:33 DEBUG [org.springframework.beans.factory.support.DefaultListableBeanFactory] Returning cached instance of singleton bean &apos;org.springframework.transaction.config.internalTransactionAdvisor&apos;
2019-05-29 12:18:33 DEBUG [org.springframework.beans.factory.support.DefaultListableBeanFactory] Returning cached instance of singleton bean &apos;org.springframework.transaction.config.internalTransactionAdvisor&apos;
2019-05-29 12:18:33 DEBUG [org.springframework.beans.factory.support.DefaultListableBeanFactory] Returning cached instance of singleton bean &apos;org.springframework.transaction.config.internalTransactionAdvisor&apos;
2019-05-29 12:18:33 DEBUG [org.springframework.beans.factory.support.DefaultListableBeanFactory] Returning cached instance of singleton bean &apos;org.springframework.transaction.config.internalTransactionAdvisor&apos;
2019-05-29 12:18:33 DEBUG [org.springframework.beans.factory.support.DefaultListableBeanFactory] Returning cached instance of singleton bean &apos;org.springframework.transaction.config.internalTransactionAdvisor&apos;
2019-05-29 12:18:33 DEBUG [org.springframework.beans.factory.support.DefaultListableBeanFactory] Returning cached instance of singleton bean &apos;org.springframework.transaction.config.internalTransactionAdvisor&apos;
2019-05-29 12:18:33 DEBUG [org.springframework.beans.factory.support.DefaultListableBeanFactory] Returning cached instance of singleton bean &apos;org.springframework.transaction.config.internalTransactionAdvisor&apos;
2019-05-29 12:18:33 DEBUG [org.springframework.beans.factory.support.DefaultListableBeanFactory] Creating shared instance of singleton bean &apos;industryMapper&apos;
2019-05-29 12:18:33 DEBUG [org.springframework.beans.factory.support.DefaultListableBeanFactory] Creating instance of bean &apos;industryMapper&apos;
2019-05-29 12:18:33 DEBUG [org.springframework.beans.factory.support.DefaultListableBeanFactory] Returning cached instance of singleton bean &apos;org.springframework.transaction.config.internalTransactionAdvisor&apos;
2019-05-29 12:18:33 DEBUG [org.springframework.beans.factory.support.DefaultListableBeanFactory] Eagerly caching bean &apos;industryMapper&apos; to allow for resolving potential circular references
2019-05-29 12:18:33 DEBUG [org.springframework.beans.factory.support.DefaultListableBeanFactory] Creating shared instance of singleton bean &apos;sqlSessionFactory&apos;
2019-05-29 12:18:33 DEBUG [org.springframework.beans.factory.support.DefaultListableBeanFactory] Creating instance of bean &apos;sqlSessionFactory&apos;
2019-05-29 12:18:33 DEBUG [org.springframework.beans.factory.support.DefaultListableBeanFactory] Returning cached instance of singleton bean &apos;org.springframework.transaction.config.internalTransactionAdvisor&apos;
2019-05-29 12:18:33 DEBUG [org.springframework.beans.factory.support.DefaultListableBeanFactory] Eagerly caching bean &apos;sqlSessionFactory&apos; to allow for resolving potential circular references
2019-05-29 12:18:33 DEBUG [org.springframework.beans.factory.support.DefaultListableBeanFactory] Creating shared instance of singleton bean &apos;dataSource&apos;
2019-05-29 12:18:33 DEBUG [org.springframework.beans.factory.support.DefaultListableBeanFactory] Creating instance of bean &apos;dataSource&apos;
2019-05-29 12:18:33 DEBUG [org.springframework.beans.factory.support.DefaultListableBeanFactory] Returning cached instance of singleton bean &apos;org.springframework.transaction.config.internalTransactionAdvisor&apos;
2019-05-29 12:18:33 INFO [com.mchange.v2.log.MLog] MLog clients using slf4j logging.
2019-05-29 12:18:33 INFO [com.mchange.v2.c3p0.C3P0Registry] Initializing c3p0-0.9.5.2 [built 08-December-2015 22:06:04 -0800; debug? true; trace: 10]
2019-05-29 12:18:34 DEBUG [org.springframework.beans.factory.support.DefaultListableBeanFactory] Eagerly caching bean &apos;dataSource&apos; to allow for resolving potential circular references
2019-05-29 12:18:34 DEBUG [org.springframework.beans.factory.support.DefaultListableBeanFactory] Returning cached instance of singleton bean &apos;org.springframework.transaction.config.internalTransactionAdvisor&apos;
2019-05-29 12:18:34 DEBUG [org.springframework.beans.factory.support.DefaultListableBeanFactory] Returning cached instance of singleton bean &apos;org.springframework.transaction.config.internalTransactionAdvisor&apos;
2019-05-29 12:18:34 DEBUG [org.springframework.beans.factory.support.DefaultListableBeanFactory] Finished creating instance of bean &apos;dataSource&apos;
2019-05-29 12:18:34 DEBUG [org.springframework.core.io.support.PathMatchingResourcePatternResolver] Looking for matching resources in directory tree [E:\mybatis_workspace\TaxSource_maven\target\test-classes\com\newroad]
2019-05-29 12:18:34 DEBUG [org.springframework.core.io.support.PathMatchingResourcePatternResolver] Searching directory [E:\mybatis_workspace\TaxSource_maven\target\test-classes\com\newroad] for files matching pattern [E:/mybatis_workspace/TaxSource_maven/target/test-classes/com/newroad/*/dao/*.xml]
2019-05-29 12:18:34 DEBUG [org.springframework.core.io.support.PathMatchingResourcePatternResolver] Searching directory [E:\mybatis_workspace\TaxSource_maven\target\test-classes\com\newroad\test] for files matching pattern [E:/mybatis_workspace/TaxSource_maven/target/test-classes/com/newroad/*/dao/*.xml]
2019-05-29 12:18:34 DEBUG [org.springframework.core.io.support.PathMatchingResourcePatternResolver] Resolved location pattern [classpath:com/newroad/*/dao/*.xml] to resources []
2019-05-29 12:18:34 DEBUG [org.springframework.beans.factory.support.DefaultListableBeanFactory] Invoking afterPropertiesSet() on bean with name &apos;sqlSessionFactory&apos;
2019-05-29 12:18:34 DEBUG [org.apache.ibatis.io.VFS] Class not found: org.jboss.vfs.VFS
2019-05-29 12:18:34 DEBUG [org.apache.ibatis.io.JBoss6VFS] JBoss 6 VFS API is not available in this environment.
2019-05-29 12:18:34 DEBUG [org.apache.ibatis.io.VFS] Class not found: org.jboss.vfs.VirtualFile
2019-05-29 12:18:34 DEBUG [org.apache.ibatis.io.VFS] VFS implementation org.apache.ibatis.io.JBoss6VFS is not valid in this environment.
2019-05-29 12:18:34 DEBUG [org.apache.ibatis.io.VFS] Using VFS adapter org.apache.ibatis.io.DefaultVFS
2019-05-29 12:18:34 DEBUG [org.springframework.beans.factory.support.DefaultListableBeanFactory] Returning cached instance of singleton bean &apos;org.springframework.transaction.config.internalTransactionAdvisor&apos;
2019-05-29 12:18:34 DEBUG [org.springframework.beans.factory.support.DefaultListableBeanFactory] Returning cached instance of singleton bean &apos;org.springframework.transaction.config.internalTransactionAdvisor&apos;
2019-05-29 12:18:34 DEBUG [org.springframework.beans.factory.support.DefaultListableBeanFactory] Finished creating instance of bean &apos;sqlSessionFactory&apos;
2019-05-29 12:18:34 DEBUG [org.springframework.beans.factory.support.DefaultListableBeanFactory] Returning cached instance of singleton bean &apos;org.springframework.transaction.config.internalTransactionAdvisor&apos;
2019-05-29 12:18:34 DEBUG [org.springframework.beans.factory.support.DefaultListableBeanFactory] Returning cached instance of singleton bean &apos;org.springframework.transaction.config.internalTransactionAdvisor&apos;
2019-05-29 12:18:34 DEBUG [org.springframework.beans.factory.support.DefaultListableBeanFactory] Invoking afterPropertiesSet() on bean with name &apos;industryMapper&apos;
2019-05-29 12:18:34 DEBUG [org.springframework.beans.factory.support.DefaultListableBeanFactory] Returning cached instance of singleton bean &apos;org.springframework.transaction.config.internalTransactionAdvisor&apos;
2019-05-29 12:18:34 DEBUG [org.springframework.beans.factory.support.DefaultListableBeanFactory] Returning cached instance of singleton bean &apos;org.springframework.transaction.config.internalTransactionAdvisor&apos;
2019-05-29 12:18:34 DEBUG [org.springframework.beans.factory.support.DefaultListableBeanFactory] Finished creating instance of bean &apos;industryMapper&apos;
2019-05-29 12:18:34 DEBUG [org.springframework.beans.factory.support.DefaultListableBeanFactory] Returning cached instance of singleton bean &apos;org.springframework.transaction.config.internalTransactionAdvisor&apos;
2019-05-29 12:18:34 DEBUG [org.springframework.beans.factory.support.DefaultListableBeanFactory] Returning cached instance of singleton bean &apos;org.springframework.transaction.config.internalTransactionAdvisor&apos;
2019-05-29 12:18:34 DEBUG [org.springframework.beans.factory.support.DefaultListableBeanFactory] Returning cached instance of singleton bean &apos;org.springframework.transaction.config.internalTransactionAdvisor&apos;
2019-05-29 12:18:34 DEBUG [org.springframework.beans.factory.support.DefaultListableBeanFactory] Returning cached instance of singleton bean &apos;org.springframework.transaction.config.internalTransactionAdvisor&apos;
2019-05-29 12:18:34 DEBUG [org.springframework.transaction.annotation.AnnotationTransactionAttributeSource] Adding transactional method &apos;com.newroad.manage.service.imp.IndustryServiceImp.listAllIndustry&apos; with attribute: PROPAGATION_REQUIRED,ISOLATION_DEFAULT; &apos;&apos;
2019-05-29 12:18:34 DEBUG [org.springframework.beans.factory.support.DefaultListableBeanFactory] Creating shared instance of singleton bean &apos;org.springframework.transaction.interceptor.TransactionInterceptor#0&apos;
2019-05-29 12:18:34 DEBUG [org.springframework.beans.factory.support.DefaultListableBeanFactory] Creating instance of bean &apos;org.springframework.transaction.interceptor.TransactionInterceptor#0&apos;
2019-05-29 12:18:34 DEBUG [org.springframework.beans.factory.support.DefaultListableBeanFactory] Eagerly caching bean &apos;org.springframework.transaction.interceptor.TransactionInterceptor#0&apos; to allow for resolving potential circular references
2019-05-29 12:18:34 DEBUG [org.springframework.beans.factory.support.DefaultListableBeanFactory] Returning cached instance of singleton bean &apos;org.springframework.transaction.annotation.AnnotationTransactionAttributeSource#0&apos;
2019-05-29 12:18:34 DEBUG [org.springframework.beans.factory.support.DefaultListableBeanFactory] Invoking afterPropertiesSet() on bean with name &apos;org.springframework.transaction.interceptor.TransactionInterceptor#0&apos;
2019-05-29 12:18:34 DEBUG [org.springframework.beans.factory.support.DefaultListableBeanFactory] Finished creating instance of bean &apos;org.springframework.transaction.interceptor.TransactionInterceptor#0&apos;
2019-05-29 12:18:34 DEBUG [org.springframework.aop.aspectj.annotation.AnnotationAwareAspectJAutoProxyCreator] Creating implicit proxy for bean &apos;industryServiceImp&apos; with 0 common interceptors and 1 specific interceptors
2019-05-29 12:18:34 DEBUG [org.springframework.aop.framework.CglibAopProxy] Creating CGLIB proxy: target source is SingletonTargetSource for target object [com.newroad.manage.service.imp.IndustryServiceImp@776a6d9b]
2019-05-29 12:18:34 DEBUG [org.springframework.transaction.annotation.AnnotationTransactionAttributeSource] Adding transactional method &apos;com.newroad.manage.service.imp.IndustryServiceImp.listAllIndustry&apos; with attribute: PROPAGATION_REQUIRED,ISOLATION_DEFAULT; &apos;&apos;
2019-05-29 12:18:34 DEBUG [org.springframework.aop.framework.CglibAopProxy] Unable to apply any optimizations to advised method: public java.util.List com.newroad.manage.service.imp.IndustryServiceImp.listAllIndustry()
2019-05-29 12:18:34 DEBUG [org.springframework.aop.framework.CglibAopProxy] Found &apos;equals&apos; method: public boolean java.lang.Object.equals(java.lang.Object)
2019-05-29 12:18:34 DEBUG [org.springframework.aop.framework.CglibAopProxy] Unable to apply any optimizations to advised method: public java.lang.String java.lang.Object.toString()
2019-05-29 12:18:34 DEBUG [org.springframework.aop.framework.CglibAopProxy] Found &apos;hashCode&apos; method: public native int java.lang.Object.hashCode()
2019-05-29 12:18:34 DEBUG [org.springframework.aop.framework.CglibAopProxy] Unable to apply any optimizations to advised method: protected native java.lang.Object java.lang.Object.clone() throws java.lang.CloneNotSupportedException
2019-05-29 12:18:34 DEBUG [org.springframework.aop.framework.CglibAopProxy] Method is declared on Advised interface: public abstract int org.springframework.aop.framework.Advised.indexOf(org.aopalliance.aop.Advice)
2019-05-29 12:18:34 DEBUG [org.springframework.aop.framework.CglibAopProxy] Method is declared on Advised interface: public abstract int org.springframework.aop.framework.Advised.indexOf(org.springframework.aop.Advisor)
2019-05-29 12:18:34 DEBUG [org.springframework.aop.framework.CglibAopProxy] Method is declared on Advised interface: public abstract boolean org.springframework.aop.framework.Advised.isFrozen()
2019-05-29 12:18:34 DEBUG [org.springframework.aop.framework.CglibAopProxy] Method is declared on Advised interface: public abstract boolean org.springframework.aop.framework.Advised.isProxyTargetClass()
2019-05-29 12:18:34 DEBUG [org.springframework.aop.framework.CglibAopProxy] Method is declared on Advised interface: public abstract void org.springframework.aop.framework.Advised.setTargetSource(org.springframework.aop.TargetSource)
2019-05-29 12:18:34 DEBUG [org.springframework.aop.framework.CglibAopProxy] Method is declared on Advised interface: public abstract void org.springframework.aop.framework.Advised.setExposeProxy(boolean)
2019-05-29 12:18:34 DEBUG [org.springframework.aop.framework.CglibAopProxy] Method is declared on Advised interface: public abstract org.springframework.aop.TargetSource org.springframework.aop.framework.Advised.getTargetSource()
2019-05-29 12:18:34 DEBUG [org.springframework.aop.framework.CglibAopProxy] Method is declared on Advised interface: public abstract void org.springframework.aop.framework.Advised.addAdvisor(org.springframework.aop.Advisor) throws org.springframework.aop.framework.AopConfigException
2019-05-29 12:18:34 DEBUG [org.springframework.aop.framework.CglibAopProxy] Method is declared on Advised interface: public abstract void org.springframework.aop.framework.Advised.addAdvisor(int,org.springframework.aop.Advisor) throws org.springframework.aop.framework.AopConfigException
2019-05-29 12:18:34 DEBUG [org.springframework.aop.framework.CglibAopProxy] Method is declared on Advised interface: public abstract void org.springframework.aop.framework.Advised.setPreFiltered(boolean)
2019-05-29 12:18:34 DEBUG [org.springframework.aop.framework.CglibAopProxy] Method is declared on Advised interface: public abstract boolean org.springframework.aop.framework.Advised.isExposeProxy()
2019-05-29 12:18:34 DEBUG [org.springframework.aop.framework.CglibAopProxy] Method is declared on Advised interface: public abstract org.springframework.aop.Advisor[] org.springframework.aop.framework.Advised.getAdvisors()
2019-05-29 12:18:34 DEBUG [org.springframework.aop.framework.CglibAopProxy] Method is declared on Advised interface: public abstract boolean org.springframework.aop.framework.Advised.isPreFiltered()
2019-05-29 12:18:34 DEBUG [org.springframework.aop.framework.CglibAopProxy] Method is declared on Advised interface: public abstract void org.springframework.aop.framework.Advised.removeAdvisor(int) throws org.springframework.aop.framework.AopConfigException
2019-05-29 12:18:34 DEBUG [org.springframework.aop.framework.CglibAopProxy] Method is declared on Advised interface: public abstract boolean org.springframework.aop.framework.Advised.removeAdvisor(org.springframework.aop.Advisor)
2019-05-29 12:18:34 DEBUG [org.springframework.aop.framework.CglibAopProxy] Method is declared on Advised interface: public abstract boolean org.springframework.aop.framework.Advised.replaceAdvisor(org.springframework.aop.Advisor,org.springframework.aop.Advisor) throws org.springframework.aop.framework.AopConfigException
2019-05-29 12:18:34 DEBUG [org.springframework.aop.framework.CglibAopProxy] Method is declared on Advised interface: public abstract void org.springframework.aop.framework.Advised.addAdvice(int,org.aopalliance.aop.Advice) throws org.springframework.aop.framework.AopConfigException
[...]
2019-05-29 12:18:34 DEBUG [org.springframework.aop.framework.CglibAopProxy] Method is declared on Advised interface: public abstract boolean org.springframework.aop.framework.Advised.isProxyTargetClass()
2019-05-29 12:18:34 DEBUG [org.springframework.aop.framework.CglibAopProxy] Method is declared on Advised interface: public abstract void org.springframework.aop.framework.Advised.setTargetSource(org.springframework.aop.TargetSource)
2019-05-29 12:18:34 DEBUG [org.springframework.aop.framework.CglibAopProxy] Method is declared on Advised interface: public abstract void org.springframework.aop.framework.Advised.setExposeProxy(boolean)
2019-05-29 12:18:34 DEBUG [org.springframework.aop.framework.CglibAopProxy] Method is declared on Advised interface: public abstract org.springframework.aop.TargetSource org.springframework.aop.framework.Advised.getTargetSource()
2019-05-29 12:18:34 DEBUG [org.springframework.aop.framework.CglibAopProxy] Method is declared on Advised interface: public abstract void org.springframework.aop.framework.Advised.addAdvisor(org.springframework.aop.Advisor) throws org.springframework.aop.framework.AopConfigException
2019-05-29 12:18:34 DEBUG [org.springframework.aop.framework.CglibAopProxy] Method is declared on Advised interface: public abstract void org.springframework.aop.framework.Advised.addAdvisor(int,org.springframework.aop.Advisor) throws org.springframework.aop.framework.AopConfigException
2019-05-29 12:18:34 DEBUG [org.springframework.aop.framework.CglibAopProxy] Method is declared on Advised interface: public abstract void org.springframework.aop.framework.Advised.setPreFiltered(boolean)
2019-05-29 12:18:34 DEBUG [org.springframework.aop.framework.CglibAopProxy] Method is declared on Advised interface: public abstract boolean org.springframework.aop.framework.Advised.isExposeProxy()
2019-05-29 12:18:34 DEBUG [org.springframework.aop.framework.CglibAopProxy] Method is declared on Advised interface: public abstract org.springframework.aop.Advisor[] org.springframework.aop.framework.Advised.getAdvisors()
2019-05-29 12:18:34 DEBUG [org.springframework.aop.framework.CglibAopProxy] Method is declared on Advised interface: public abstract boolean org.springframework.aop.framework.Advised.isPreFiltered()
2019-05-29 12:18:34 DEBUG [org.springframework.aop.framework.CglibAopProxy] Method is declared on Advised interface: public abstract void org.springframework.aop.framework.Advised.removeAdvisor(int) throws org.springframework.aop.framework.AopConfigException
2019-05-29 12:18:34 DEBUG [org.springframework.aop.framework.CglibAopProxy] Method is declared on Advised interface: public abstract boolean org.springframework.aop.framework.Advised.removeAdvisor(org.springframework.aop.Advisor)
2019-05-29 12:18:34 DEBUG [org.springframework.aop.framework.CglibAopProxy] Method is declared on Advised interface: public abstract boolean org.springframework.aop.framework.Advised.replaceAdvisor(org.springframework.aop.Advisor,org.springframework.aop.Advisor) throws org.springframework.aop.framework.AopConfigException
2019-05-29 12:18:34 DEBUG [org.springframework.aop.framework.CglibAopProxy] Method is declared on Advised interface: public abstract void org.springframework.aop.framework.Advised.addAdvice(int,org.aopalliance.aop.Advice) throws org.springframework.aop.framework.AopConfigException
2019-05-29 12:18:34 DEBUG [org.springframework.aop.framework.CglibAopProxy] Method is declared on Advised interface: public abstract void org.springframework.aop.framework.Advised.addAdvice(org.aopalliance.aop.Advice) throws org.springframework.aop.framework.AopConfigException
2019-05-29 12:18:34 DEBUG [org.springframework.aop.framework.CglibAopProxy] Method is declared on Advised interface: public abstract boolean org.springframework.aop.framework.Advised.removeAdvice(org.aopalliance.aop.Advice)
2019-05-29 12:18:34 DEBUG [org.springframework.aop.framework.CglibAopProxy] Method is declared on Advised interface: public abstract java.lang.Class[] org.springframework.aop.framework.Advised.getProxiedInterfaces()
2019-05-29 12:18:34 DEBUG [org.springframework.aop.framework.CglibAopProxy] Method is declared on Advised interface: public abstract boolean org.springframework.aop.framework.Advised.isInterfaceProxied(java.lang.Class)
2019-05-29 12:18:34 DEBUG [org.springframework.aop.framework.CglibAopProxy] Method is declared on Advised interface: public abstract java.lang.String org.springframework.aop.framework.Advised.toProxyConfigString()
2019-05-29 12:18:34 DEBUG [org.springframework.aop.framework.CglibAopProxy] Method is declared on Advised interface: public abstract java.lang.Class org.springframework.aop.TargetClassAware.getTargetClass()
2019-05-29 12:18:34 DEBUG [org.springframework.beans.factory.support.DefaultListableBeanFactory] Finished creating instance of bean &apos;taxerServiceImp&apos;
2019-05-29 12:18:34 DEBUG [org.springframework.beans.factory.support.DefaultListableBeanFactory] Creating shared instance of singleton bean &apos;taxOrganServiceImp&apos;
2019-05-29 12:18:34 DEBUG [org.springframework.beans.factory.support.DefaultListableBeanFactory] Creating instance of bean &apos;taxOrganServiceImp&apos;
2019-05-29 12:18:34 DEBUG [org.springframework.beans.factory.support.DefaultListableBeanFactory] Returning cached instance of singleton bean &apos;org.springframework.transaction.config.internalTransactionAdvisor&apos;
2019-05-29 12:18:34 DEBUG [org.springframework.beans.factory.annotation.InjectionMetadata] Registered injected element on class [com.newroad.manage.service.imp.TaxOrganServiceImp]: ResourceElement for com.newroad.manage.dao.TaxOrganMapper com.newroad.manage.service.imp.TaxOrganServiceImp.dao
2019-05-29 12:18:34 DEBUG [org.springframework.beans.factory.support.DefaultListableBeanFactory] Eagerly caching bean &apos;taxOrganServiceImp&apos; to allow for resolving potential circular references
2019-05-29 12:18:34 DEBUG [org.springframework.beans.factory.annotation.InjectionMetadata] Processing injected element of bean &apos;taxOrganServiceImp&apos;: ResourceElement for com.newroad.manage.dao.TaxOrganMapper com.newroad.manage.service.imp.TaxOrganServiceImp.dao
2019-05-29 12:18:34 DEBUG [org.springframework.beans.factory.support.DefaultListableBeanFactory] Creating shared instance of singleton bean &apos;taxOrganMapper&apos;
2019-05-29 12:18:34 DEBUG [org.springframework.beans.factory.support.DefaultListableBeanFactory] Creating instance of bean &apos;taxOrganMapper&apos;
2019-05-29 12:18:34 DEBUG [org.springframework.beans.factory.support.DefaultListableBeanFactory] Returning cached instance of singleton bean &apos;org.springframework.transaction.config.internalTransactionAdvisor&apos;
2019-05-29 12:18:34 DEBUG [org.springframework.beans.factory.support.DefaultListableBeanFactory] Eagerly caching bean &apos;taxOrganMapper&apos; to allow for resolving potential circular references
2019-05-29 12:18:34 DEBUG [org.springframework.beans.factory.support.DefaultListableBeanFactory] Returning cached instance of singleton bean &apos;sqlSessionFactory&apos;
2019-05-29 12:18:34 DEBUG [org.springframework.beans.factory.support.DefaultListableBeanFactory] Invoking afterPropertiesSet() on bean with name &apos;taxOrganMapper&apos;
2019-05-29 12:18:34 DEBUG [org.springframework.beans.factory.support.DefaultListableBeanFactory] Returning cached instance of singleton bean &apos;org.springframework.transaction.config.internalTransactionAdvisor&apos;
2019-05-29 12:18:34 DEBUG [org.springframework.beans.factory.support.DefaultListableBeanFactory] Returning cached instance of singleton bean &apos;org.springframework.transaction.config.internalTransactionAdvisor&apos;
2019-05-29 12:18:34 DEBUG [org.springframework.beans.factory.support.DefaultListableBeanFactory] Finished creating instance of bean &apos;taxOrganMapper&apos;
2019-05-29 12:18:34 DEBUG [org.springframework.beans.factory.support.DefaultListableBeanFactory] Returning cached instance of singleton bean &apos;org.springframework.transaction.config.internalTransactionAdvisor&apos;
2019-05-29 12:18:34 DEBUG [org.springframework.beans.factory.support.DefaultListableBeanFactory] Returning cached instance of singleton bean &apos;org.springframework.transaction.config.internalTransactionAdvisor&apos;
2019-05-29 12:18:34 DEBUG [org.springframework.beans.factory.support.DefaultListableBeanFactory] Returning cached instance of singleton bean &apos;org.springframework.transaction.config.internalTransactionAdvisor&apos;
2019-05-29 12:18:34 DEBUG [org.springframework.beans.factory.support.DefaultListableBeanFactory] Returning cached instance of singleton bean &apos;org.springframework.transaction.config.internalTransactionAdvisor&apos;
2019-05-29 12:18:34 DEBUG [org.springframework.transaction.annotation.AnnotationTransactionAttributeSource] Adding transactional method &apos;com.newroad.manage.service.imp.TaxOrganServiceImp.listAllTaxOrgan&apos; with attribute: PROPAGATION_REQUIRED,ISOLATION_DEFAULT; &apos;&apos;
2019-05-29 12:18:34 DEBUG [org.springframework.aop.aspectj.annotation.AnnotationAwareAspectJAutoProxyCreator] Creating implicit proxy for bean &apos;taxOrganServiceImp&apos; with 0 common interceptors and 1 specific interceptors
2019-05-29 12:18:34 DEBUG [org.springframework.aop.framework.CglibAopProxy] Creating CGLIB proxy: target source is SingletonTargetSource for target object [com.newroad.manage.service.imp.TaxOrganServiceImp@3eb81efb]
2019-05-29 12:18:34 DEBUG [org.springframework.transaction.annotation.AnnotationTransactionAttributeSource] Adding transactional method &apos;com.newroad.manage.service.imp.TaxOrganServiceImp.listAllTaxOrgan&apos; with attribute: PROPAGATION_REQUIRED,ISOLATION_DEFAULT; &apos;&apos;
2019-05-29 12:18:34 DEBUG [org.springframework.aop.framework.CglibAopProxy] Unable to apply any optimizations to advised method: public java.util.List com.newroad.manage.service.imp.TaxOrganServiceImp.listAllTaxOrgan()
2019-05-29 12:18:34 DEBUG [org.springframework.aop.framework.CglibAopProxy] Found &apos;equals&apos; method: public boolean java.lang.Object.equals(java.lang.Object)
2019-05-29 12:18:34 DEBUG [org.springframework.aop.framework.CglibAopProxy] Unable to apply any optimizations to advised method: public java.lang.String java.lang.Object.toString()
2019-05-29 12:18:34 DEBUG [org.springframework.aop.framework.CglibAopProxy] Found &apos;hashCode&apos; method: public native int java.lang.Object.hashCode()
2019-05-29 12:18:34 DEBUG [org.springframework.aop.framework.CglibAopProxy] Unable to apply any optimizations to advised method: protected native java.lang.Object java.lang.Object.clone() throws java.lang.CloneNotSupportedException
2019-05-29 12:18:34 DEBUG [org.springframework.aop.framework.CglibAopProxy] Method is declared on Advised interface: public abstract int org.springframework.aop.framework.Advised.indexOf(org.aopalliance.aop.Advice)
2019-05-29 12:18:34 DEBUG [org.springframework.aop.framework.CglibAopProxy] Method is declared on Advised interface: public abstract int org.springframework.aop.framework.Advised.indexOf(org.springframework.aop.Advisor)
2019-05-29 12:18:34 DEBUG [org.springframework.aop.framework.CglibAopProxy] Method is declared on Advised interface: public abstract boolean org.springframework.aop.framework.Advised.isFrozen()
2019-05-29 12:18:34 DEBUG [org.springframework.aop.framework.CglibAopProxy] Method is declared on Advised interface: public abstract boolean org.springframework.aop.framework.Advised.isProxyTargetClass()
2019-05-29 12:18:34 DEBUG [org.springframework.aop.framework.CglibAopProxy] Method is declared on Advised interface: public abstract void org.springframework.aop.framework.Advised.setTargetSource(org.springframework.aop.TargetSource)
2019-05-29 12:18:34 DEBUG [org.springframework.aop.framework.CglibAopProxy] Method is declared on Advised interface: public abstract void org.springframework.aop.framework.Advised.setExposeProxy(boolean)
2019-05-29 12:18:34 DEBUG [org.springframework.aop.framework.CglibAopProxy] Method is declared on Advised interface: public abstract org.springframework.aop.TargetSource org.springframework.aop.framework.Advised.getTargetSource()
2019-05-29 12:18:34 DEBUG [org.springframework.aop.framework.CglibAopProxy] Method is declared on Advised interface: public abstract void org.springframework.aop.framework.Advised.addAdvisor(org.springframework.aop.Advisor) throws org.springframework.aop.framework.AopConfigException
2019-05-29 12:18:34 DEBUG [org.springframework.aop.framework.CglibAopProxy] Method is declared on Advised interface: public abstract void org.springframework.aop.framework.Advised.addAdvisor(int,org.springframework.aop.Advisor) throws org.springframework.aop.framework.AopConfigException
2019-05-29 12:18:34 DEBUG [org.springframework.aop.framework.CglibAopProxy] Method is declared on Advised interface: public abstract void org.springframework.aop.framework.Advised.setPreFiltered(boolean)
2019-05-29 12:18:34 DEBUG [org.springframework.aop.framework.CglibAopProxy] Method is declared on Advised interface: public abstract boolean org.springframework.aop.framework.Advised.isExposeProxy()
2019-05-29 12:18:34 DEBUG [org.springframework.aop.framework.CglibAopProxy] Method is declared on Advised interface: public abstract org.springframework.aop.Advisor[] org.springframework.aop.framework.Advised.getAdvisors()
2019-05-29 12:18:34 DEBUG [org.springframework.aop.framework.CglibAopProxy] Method is declared on Advised interface: public abstract boolean org.springframework.aop.framework.Advised.isPreFiltered()
2019-05-29 12:18:34 DEBUG [org.springframework.aop.framework.CglibAopProxy] Method is declared on Advised interface: public abstract void org.springframework.aop.framework.Advised.removeAdvisor(int) throws org.springframework.aop.framework.AopConfigException
2019-05-29 12:18:34 DEBUG [org.springframework.aop.framework.CglibAopProxy] Method is declared on Advised interface: public abstract boolean org.springframework.aop.framework.Advised.removeAdvisor(org.springframework.aop.Advisor)
2019-05-29 12:18:34 DEBUG [org.springframework.aop.framework.CglibAopProxy] Method is declared on Advised interface: public abstract boolean org.springframework.aop.framework.Advised.replaceAdvisor(org.springframework.aop.Advisor,org.springframework.aop.Advisor) throws org.springframework.aop.framework.AopConfigException
2019-05-29 12:18:34 DEBUG [org.springframework.aop.framework.CglibAopProxy] Method is declared on Advised interface: public abstract void org.springframework.aop.framework.Advised.addAdvice(int,org.aopalliance.aop.Advice) throws org.springframework.aop.framework.AopConfigException
2019-05-29 12:18:34 DEBUG [org.springframework.aop.framework.CglibAopProxy] Method is declared on Advised interface: public abstract void org.springframework.aop.framework.Advised.addAdvice(org.aopalliance.aop.Advice) throws org.springframework.aop.framework.AopConfigException
2019-05-29 12:18:34 DEBUG [org.springframework.aop.framework.CglibAopProxy] Method is declared on Advised interface: public abstract boolean org.springframework.aop.framework.Advised.removeAdvice(org.aopalliance.aop.Advice)
2019-05-29 12:18:34 DEBUG [org.springframework.aop.framework.CglibAopProxy] Method is declared on Advised interface: public abstract java.lang.Class[] org.springframework.aop.framework.Advised.getProxiedInterfaces()
2019-05-29 12:18:34 DEBUG [org.springframework.aop.framework.CglibAopProxy] Method is declared on Advised interface: public abstract boolean org.springframework.aop.framework.Advised.isInterfaceProxied(java.lang.Class)
2019-05-29 12:18:34 DEBUG [org.springframework.aop.framework.CglibAopProxy] Method is declared on Advised interface: public abstract java.lang.String org.springframework.aop.framework.Advised.toProxyConfigString()
2019-05-29 12:18:34 DEBUG [org.springframework.aop.framework.CglibAopProxy] Method is declared on Advised interface: public abstract java.lang.Class org.springframework.aop.TargetClassAware.getTargetClass()
2019-05-29 12:18:34 DEBUG [org.springframework.beans.factory.support.DefaultListableBeanFactory] Finished creating instance of bean &apos;taxOrganServiceImp&apos;
2019-05-29 12:18:34 DEBUG [org.springframework.beans.factory.support.DefaultListableBeanFactory] Creating shared instance of singleton bean &apos;taxPayerServiceImp&apos;
2019-05-29 12:18:34 DEBUG [org.springframework.beans.factory.support.DefaultListableBeanFactory] Creating instance of bean &apos;taxPayerServiceImp&apos;
2019-05-29 12:18:34 DEBUG [org.springframework.beans.factory.support.DefaultListableBeanFactory] Returning cached instance of singleton bean &apos;org.springframework.transaction.config.internalTransactionAdvisor&apos;
2019-05-29 12:18:34 WARN [org.springframework.context.support.ClassPathXmlApplicationContext] Exception encountered during context initialization - cancelling refresh attempt: org.springframework.beans.factory.BeanCreationException: Error creating bean with name &apos;taxPayerServiceImp&apos; defined in file [E:\mybatis_workspace\TaxSource_maven\target\classes\com\newroad\manage\service\imp\TaxPayerServiceImp.class]: Instantiation of bean failed; nested exception is org.springframework.beans.BeanInstantiationException: Failed to instantiate [com.newroad.manage.service.imp.TaxPayerServiceImp]: Constructor threw exception; nested exception is org.apache.ibatis.exceptions.PersistenceException: 
### Error opening session.  Cause: java.lang.NullPointerException
### Cause: java.lang.NullPointerException
2019-05-29 12:18:34 DEBUG [org.springframework.beans.factory.support.DefaultListableBeanFactory] Destroying singletons in org.springframework.beans.factory.support.DefaultListableBeanFactory@3d0f8e03: defining beans [org.springframework.context.annotation.internalConfigurationAnnotationProcessor,org.springframework.context.annotation.internalAutowiredAnnotationProcessor,org.springframework.context.annotation.internalRequiredAnnotationProcessor,org.springframework.context.annotation.internalCommonAnnotationProcessor,org.springframework.context.event.internalEventListenerProcessor,org.springframework.context.event.internalEventListenerFactory,industryServiceImp,taxerServiceImp,taxOrganServiceImp,taxPayerServiceImp,taxSourceSerrviceImp,userServiceImp,applicationContextHolder,org.springframework.transaction.config.internalTransactionalEventListenerFactory,org.springframework.aop.config.internalAutoProxyCreator,org.springframework.transaction.annotation.AnnotationTransactionAttributeSource#0,org.springframework.transaction.interceptor.TransactionInterceptor#0,org.springframework.transaction.config.internalTransactionAdvisor,dataSource,transactionManager,sqlSessionFactory,org.mybatis.spring.mapper.MapperScannerConfigurer#0,attachmentInfoMapper,imageLinkMapper,industryMapper,taxerMapper,taxOrganMapper,taxPayerMapper,taxSourceMapper,userMapper]; root of factory hierarchy
2019-05-29 12:18:34 DEBUG [org.springframework.beans.factory.support.DefaultListableBeanFactory] Retrieved dependent beans for bean &apos;sqlSessionFactory&apos;: [industryMapper, taxerMapper, taxOrganMapper]
2019-05-29 12:18:34 DEBUG [org.springframework.beans.factory.support.DefaultListableBeanFactory] Retrieved dependent beans for bean &apos;industryMapper&apos;: [industryServiceImp]
2019-05-29 12:18:34 DEBUG [org.springframework.beans.factory.support.DefaultListableBeanFactory] Retrieved dependent beans for bean &apos;taxerMapper&apos;: [taxerServiceImp]
2019-05-29 12:18:34 DEBUG [org.springframework.beans.factory.support.DefaultListableBeanFactory] Retrieved dependent beans for bean &apos;taxOrganMapper&apos;: [taxOrganServiceImp]
</system-out>
  </testcase>
</testsuite>